{"/Users/eveessex/dev/force/test.config.js": {"path":"/Users/eveessex/dev/force/test.config.js","statementMap":{"0":{"start":{"line":1,"column":0},"end":{"line":3,"column":2}},"1":{"start":{"line":5,"column":0},"end":{"line":5,"column":32}},"2":{"start":{"line":6,"column":0},"end":{"line":6,"column":26}},"3":{"start":{"line":7,"column":0},"end":{"line":7,"column":23}},"4":{"start":{"line":8,"column":0},"end":{"line":8,"column":17}},"5":{"start":{"line":9,"column":0},"end":{"line":9,"column":30}},"6":{"start":{"line":15,"column":13},"end":{"line":15,"column":28}},"7":{"start":{"line":16,"column":16},"end":{"line":16,"column":50}},"8":{"start":{"line":17,"column":15},"end":{"line":17,"column":32}},"9":{"start":{"line":18,"column":11},"end":{"line":18,"column":34}},"10":{"start":{"line":21,"column":0},"end":{"line":23,"column":2}},"11":{"start":{"line":25,"column":0},"end":{"line":27,"column":2}},"12":{"start":{"line":29,"column":0},"end":{"line":39,"column":18}},"13":{"start":{"line":30,"column":2},"end":{"line":38,"column":5}},"14":{"start":{"line":33,"column":6},"end":{"line":37,"column":7}},"15":{"start":{"line":41,"column":0},"end":{"line":46,"column":1}},"16":{"start":{"line":47,"column":0},"end":{"line":47,"column":31}}},"fnMap":{"0":{"name":"(anonymous_0)","decl":{"start":{"line":32,"column":4},"end":{"line":32,"column":5}},"loc":{"start":{"line":32,"column":15},"end":{"line":38,"column":5}},"line":32},"1":{"name":"(anonymous_1)","decl":{"start":{"line":35,"column":21},"end":{"line":35,"column":22}},"loc":{"start":{"line":35,"column":32},"end":{"line":35,"column":34}},"line":35},"2":{"name":"(anonymous_2)","decl":{"start":{"line":36,"column":24},"end":{"line":36,"column":25}},"loc":{"start":{"line":36,"column":35},"end":{"line":36,"column":37}},"line":36}},"branchMap":{"0":{"loc":{"start":{"line":31,"column":4},"end":{"line":38,"column":5}},"type":"binary-expr","locations":[{"start":{"line":31,"column":4},"end":{"line":31,"column":21}},{"start":{"line":32,"column":4},"end":{"line":38,"column":5}}],"line":31}},"s":{"0":25,"1":25,"2":25,"3":25,"4":25,"5":25,"6":25,"7":25,"8":25,"9":25,"10":25,"11":25,"12":25,"13":25,"14":364,"15":25,"16":25},"f":{"0":364,"1":252,"2":0},"b":{"0":[25,25]},"_coverageSchema":"332fd63041d2c1bcb487cc26dd0d5f7d97098a6c","hash":"289a4166c4700ca61e5b71078eaa34e3bd9698d0"}
,"/Users/eveessex/dev/force/src/config.js": {"path":"/Users/eveessex/dev/force/src/config.js","statementMap":{"0":{"start":{"line":8,"column":0},"end":{"line":11,"column":1}}},"fnMap":{},"branchMap":{},"s":{"0":1},"f":{},"b":{},"_coverageSchema":"332fd63041d2c1bcb487cc26dd0d5f7d97098a6c","hash":"71e64a53388bc17e705dfe533fa74a505fff3488"}
,"/Users/eveessex/dev/force/src/desktop": {"path":"/Users/eveessex/dev/force/src/desktop","statementMap":{"0":{"start":{"line":142,"column":0},"end":{"line":null,"column":-1}},"1":{"start":{"line":143,"column":2},"end":{"line":143,"column":29}},"2":{"start":{"line":147,"column":0},"end":{"line":147,"column":-1}}},"fnMap":{},"branchMap":{"0":{"loc":{"start":{"line":143,"column":9},"end":{"line":143,"column":8}},"type":"binary-expr","locations":[{"start":{"line":143,"column":9},"end":{"line":143,"column":8}},{"start":{"line":143,"column":29},"end":{"line":null,"column":-1}}]},"1":{"loc":{"start":{"line":147,"column":91},"end":{"line":147,"column":-1}},"type":"binary-expr","locations":[{"start":{"line":147,"column":91},"end":{"line":147,"column":-1}},{"start":{"line":147,"column":91},"end":{"line":147,"column":0}}]}},"s":{"0":2,"1":129,"2":1},"f":{},"b":{"0":[129,111],"1":[1,1]}}
,"/Users/eveessex/dev/force/src/lib": {"path":"/Users/eveessex/dev/force/src/lib","statementMap":{"0":{"start":{"line":1,"column":0},"end":{"line":1,"column":4}},"1":{"start":{"line":2,"column":0},"end":{"line":2,"column":5}},"2":{"start":{"line":3,"column":0},"end":{"line":3,"column":10}},"3":{"start":{"line":4,"column":0},"end":{"line":4,"column":10}},"4":{"start":{"line":5,"column":0},"end":{"line":5,"column":45}},"5":{"start":{"line":6,"column":0},"end":{"line":6,"column":5}},"6":{"start":{"line":8,"column":0},"end":{"line":8,"column":14}},"7":{"start":{"line":10,"column":4},"end":{"line":9,"column":2}},"8":{"start":{"line":11,"column":2},"end":{"line":11,"column":9}},"9":{"start":{"line":13,"column":0},"end":{"line":13,"column":17}},"10":{"start":{"line":14,"column":2},"end":{"line":14,"column":14}},"11":{"start":{"line":16,"column":4},"end":{"line":15,"column":2}},"12":{"start":{"line":18,"column":4},"end":{"line":15,"column":2}},"13":{"start":{"line":20,"column":0},"end":{"line":20,"column":14}},"14":{"start":{"line":21,"column":2},"end":{"line":21,"column":43}},"15":{"start":{"line":23,"column":4},"end":{"line":23,"column":11}},"16":{"start":{"line":30,"column":6},"end":{"line":null,"column":-1}},"17":{"start":{"line":31,"column":6},"end":{"line":29,"column":4}},"18":{"start":{"line":34,"column":6},"end":{"line":33,"column":4}},"19":{"start":{"line":42,"column":8},"end":{"line":42,"column":7}},"20":{"start":{"line":45,"column":10},"end":{"line":45,"column":18}},"21":{"start":{"line":46,"column":62},"end":{"line":46,"column":60}},"22":{"start":{"line":46,"column":10},"end":{"line":46,"column":9}},"23":{"start":{"line":47,"column":10},"end":{"line":47,"column":37}},"24":{"start":{"line":48,"column":10},"end":{"line":44,"column":8}},"25":{"start":{"line":52,"column":0},"end":{"line":52,"column":20}},"26":{"start":{"line":56,"column":4},"end":{"line":null,"column":-1}},"27":{"start":{"line":60,"column":0},"end":{"line":60,"column":17}},"28":{"start":{"line":7,"column":0},"end":{"line":null,"column":-1}},"29":{"start":{"line":7,"column":0},"end":{"line":7,"column":4}},"30":{"start":{"line":8,"column":0},"end":{"line":8,"column":11}},"31":{"start":{"line":9,"column":0},"end":{"line":9,"column":10}},"32":{"start":{"line":10,"column":0},"end":{"line":10,"column":4}},"33":{"start":{"line":11,"column":0},"end":{"line":11,"column":6}},"34":{"start":{"line":12,"column":0},"end":{"line":12,"column":25}},"35":{"start":{"line":13,"column":0},"end":{"line":13,"column":12}},"36":{"start":{"line":14,"column":0},"end":{"line":14,"column":10}},"37":{"start":{"line":15,"column":0},"end":{"line":15,"column":11}},"38":{"start":{"line":16,"column":0},"end":{"line":16,"column":8}},"39":{"start":{"line":17,"column":0},"end":{"line":17,"column":11}},"40":{"start":{"line":18,"column":0},"end":{"line":18,"column":8}},"41":{"start":{"line":19,"column":0},"end":{"line":19,"column":7}},"42":{"start":{"line":20,"column":0},"end":{"line":20,"column":20}},"43":{"start":{"line":21,"column":0},"end":{"line":21,"column":14}},"44":{"start":{"line":22,"column":0},"end":{"line":22,"column":11}},"45":{"start":{"line":24,"column":0},"end":{"line":24,"column":52}},"46":{"start":{"line":25,"column":2},"end":{"line":null,"column":-1}},"47":{"start":{"line":26,"column":2},"end":{"line":null,"column":-1}},"48":{"start":{"line":43,"column":6},"end":{"line":42,"column":4}},"49":{"start":{"line":48,"column":6},"end":{"line":48,"column":12}},"50":{"start":{"line":50,"column":6},"end":{"line":47,"column":4}},"51":{"start":{"line":60,"column":4},"end":{"line":60,"column":20}},"52":{"start":{"line":62,"column":4},"end":{"line":null,"column":-1}},"53":{"start":{"line":65,"column":35},"end":{"line":65,"column":45}},"54":{"start":{"line":94,"column":4},"end":{"line":94,"column":10}},"55":{"start":{"line":95,"column":4},"end":{"line":null,"column":-1}},"56":{"start":{"line":109,"column":30},"end":{"line":109,"column":39}},"57":{"start":{"line":110,"column":4},"end":{"line":110,"column":20}},"58":{"start":{"line":111,"column":4},"end":{"line":null,"column":-1}},"59":{"start":{"line":122,"column":17},"end":{"line":122,"column":27}},"60":{"start":{"line":139,"column":21},"end":{"line":139,"column":31}},"61":{"start":{"line":149,"column":36},"end":{"line":149,"column":46}},"62":{"start":{"line":156,"column":8},"end":{"line":156,"column":7}},"63":{"start":{"line":163,"column":28},"end":{"line":163,"column":38}},"64":{"start":{"line":178,"column":29},"end":{"line":178,"column":39}},"65":{"start":{"line":179,"column":4},"end":{"line":179,"column":13}},"66":{"start":{"line":180,"column":4},"end":{"line":180,"column":19}},"67":{"start":{"line":190,"column":8},"end":{"line":190,"column":17}},"68":{"start":{"line":191,"column":8},"end":{"line":191,"column":7}},"69":{"start":{"line":199,"column":4},"end":{"line":199,"column":12}},"70":{"start":{"line":213,"column":8},"end":{"line":213,"column":17}},"71":{"start":{"line":214,"column":8},"end":{"line":214,"column":7}},"72":{"start":{"line":237,"column":4},"end":{"line":237,"column":20}},"73":{"start":{"line":239,"column":4},"end":{"line":null,"column":-1}},"74":{"start":{"line":246,"column":4},"end":{"line":246,"column":3}},"75":{"start":{"line":250,"column":22},"end":{"line":250,"column":31}},"76":{"start":{"line":257,"column":27},"end":{"line":257,"column":37}},"77":{"start":{"line":261,"column":29},"end":{"line":261,"column":39}},"78":{"start":{"line":266,"column":2},"end":{"line":266,"column":11}}},"fnMap":{"0":{"name":"(anonymous_0)","decl":{"start":{"line":8,"column":14},"end":{"line":8,"column":14}},"loc":{"start":{"line":8,"column":14},"end":{"line":null,"column":-1}}},"1":{"name":"(anonymous_1)","decl":{"start":{"line":13,"column":17},"end":{"line":13,"column":17}},"loc":{"start":{"line":13,"column":17},"end":{"line":null,"column":-1}}},"2":{"name":"(anonymous_2)","decl":{"start":{"line":20,"column":14},"end":{"line":20,"column":14}},"loc":{"start":{"line":20,"column":14},"end":{"line":null,"column":-1}}},"3":{"name":"(anonymous_3)","decl":{"start":{"line":22,"column":12},"end":{"line":22,"column":12}},"loc":{"start":{"line":22,"column":12},"end":{"line":22,"column":2}}},"4":{"name":"(anonymous_4)","decl":{"start":{"line":41,"column":11},"end":{"line":41,"column":11}},"loc":{"start":{"line":41,"column":11},"end":{"line":36,"column":4}}},"5":{"name":"(anonymous_5)","decl":{"start":{"line":46,"column":59},"end":{"line":46,"column":59}},"loc":{"start":{"line":46,"column":59},"end":{"line":46,"column":32}}},"6":{"name":"(anonymous_6)","decl":{"start":{"line":52,"column":20},"end":{"line":52,"column":20}},"loc":{"start":{"line":52,"column":20},"end":{"line":null,"column":-1}}},"7":{"name":"(anonymous_0)","decl":{"start":{"line":7,"column":0},"end":{"line":null,"column":-1}},"loc":{"start":{"line":7,"column":0},"end":{"line":null,"column":-1}}},"8":{"name":"(anonymous_7)","decl":{"start":{"line":35,"column":7},"end":{"line":35,"column":6}},"loc":{"start":{"line":35,"column":7},"end":{"line":null,"column":-1}}},"9":{"name":"(anonymous_8)","decl":{"start":{"line":38,"column":8},"end":{"line":38,"column":7}},"loc":{"start":{"line":38,"column":8},"end":{"line":null,"column":-1}}},"10":{"name":"(anonymous_9)","decl":{"start":{"line":41,"column":38},"end":{"line":41,"column":38}},"loc":{"start":{"line":41,"column":38},"end":{"line":null,"column":-1}}},"11":{"name":"(anonymous_10)","decl":{"start":{"line":46,"column":28},"end":{"line":46,"column":27}},"loc":{"start":{"line":46,"column":28},"end":{"line":null,"column":-1}}},"12":{"name":"(anonymous_11)","decl":{"start":{"line":53,"column":17},"end":{"line":53,"column":17}},"loc":{"start":{"line":53,"column":17},"end":{"line":null,"column":-1}}},"13":{"name":"(anonymous_12)","decl":{"start":{"line":59,"column":18},"end":{"line":59,"column":18}},"loc":{"start":{"line":59,"column":18},"end":{"line":null,"column":-1}}},"14":{"name":"(anonymous_13)","decl":{"start":{"line":65,"column":34},"end":{"line":65,"column":34}},"loc":{"start":{"line":65,"column":34},"end":{"line":null,"column":-1}}},"15":{"name":"(anonymous_14)","decl":{"start":{"line":69,"column":22},"end":{"line":69,"column":22}},"loc":{"start":{"line":69,"column":22},"end":{"line":null,"column":-1}}},"16":{"name":"(anonymous_15)","decl":{"start":{"line":74,"column":39},"end":{"line":74,"column":39}},"loc":{"start":{"line":74,"column":39},"end":{"line":74,"column":15}}},"17":{"name":"(anonymous_16)","decl":{"start":{"line":77,"column":29},"end":{"line":77,"column":29}},"loc":{"start":{"line":77,"column":29},"end":{"line":null,"column":-1}}},"18":{"name":"(anonymous_17)","decl":{"start":{"line":82,"column":39},"end":{"line":82,"column":39}},"loc":{"start":{"line":82,"column":39},"end":{"line":82,"column":15}}},"19":{"name":"(anonymous_18)","decl":{"start":{"line":85,"column":28},"end":{"line":85,"column":28}},"loc":{"start":{"line":85,"column":28},"end":{"line":null,"column":-1}}},"20":{"name":"(anonymous_19)","decl":{"start":{"line":93,"column":28},"end":{"line":93,"column":28}},"loc":{"start":{"line":93,"column":28},"end":{"line":null,"column":-1}}},"21":{"name":"(anonymous_20)","decl":{"start":{"line":104,"column":10},"end":{"line":104,"column":10}},"loc":{"start":{"line":104,"column":10},"end":{"line":95,"column":4}}},"22":{"name":"(anonymous_21)","decl":{"start":{"line":109,"column":29},"end":{"line":109,"column":29}},"loc":{"start":{"line":109,"column":29},"end":{"line":null,"column":-1}}},"23":{"name":"(anonymous_22)","decl":{"start":{"line":119,"column":15},"end":{"line":119,"column":14}},"loc":{"start":{"line":119,"column":15},"end":{"line":119,"column":14}}},"24":{"name":"(anonymous_24)","decl":{"start":{"line":122,"column":16},"end":{"line":122,"column":16}},"loc":{"start":{"line":122,"column":16},"end":{"line":null,"column":-1}}},"25":{"name":"(anonymous_25)","decl":{"start":{"line":125,"column":14},"end":{"line":125,"column":14}},"loc":{"start":{"line":125,"column":14},"end":{"line":null,"column":-1}}},"26":{"name":"(anonymous_26)","decl":{"start":{"line":128,"column":13},"end":{"line":128,"column":13}},"loc":{"start":{"line":128,"column":13},"end":{"line":null,"column":-1}}},"27":{"name":"(anonymous_27)","decl":{"start":{"line":131,"column":12},"end":{"line":131,"column":11}},"loc":{"start":{"line":131,"column":12},"end":{"line":null,"column":-1}}},"28":{"name":"(anonymous_28)","decl":{"start":{"line":139,"column":12},"end":{"line":139,"column":12}},"loc":{"start":{"line":139,"column":12},"end":{"line":null,"column":-1}}},"29":{"name":"(anonymous_29)","decl":{"start":{"line":149,"column":24},"end":{"line":149,"column":24}},"loc":{"start":{"line":149,"column":24},"end":{"line":null,"column":-1}}},"30":{"name":"(anonymous_30)","decl":{"start":{"line":153,"column":15},"end":{"line":153,"column":15}},"loc":{"start":{"line":153,"column":15},"end":{"line":151,"column":6}}},"31":{"name":"(anonymous_31)","decl":{"start":{"line":155,"column":13},"end":{"line":155,"column":13}},"loc":{"start":{"line":155,"column":13},"end":{"line":151,"column":6}}},"32":{"name":"(anonymous_32)","decl":{"start":{"line":163,"column":16},"end":{"line":163,"column":16}},"loc":{"start":{"line":163,"column":16},"end":{"line":null,"column":-1}}},"33":{"name":"(anonymous_33)","decl":{"start":{"line":166,"column":15},"end":{"line":166,"column":15}},"loc":{"start":{"line":166,"column":15},"end":{"line":165,"column":6}}},"34":{"name":"(anonymous_34)","decl":{"start":{"line":168,"column":13},"end":{"line":168,"column":13}},"loc":{"start":{"line":168,"column":13},"end":{"line":165,"column":6}}},"35":{"name":"(anonymous_35)","decl":{"start":{"line":178,"column":18},"end":{"line":178,"column":18}},"loc":{"start":{"line":178,"column":18},"end":{"line":null,"column":-1}}},"36":{"name":"(anonymous_36)","decl":{"start":{"line":180,"column":19},"end":{"line":180,"column":18}},"loc":{"start":{"line":180,"column":19},"end":{"line":null,"column":-1}}},"37":{"name":"(anonymous_37)","decl":{"start":{"line":184,"column":24},"end":{"line":184,"column":24}},"loc":{"start":{"line":184,"column":24},"end":{"line":null,"column":-1}}},"38":{"name":"(anonymous_38)","decl":{"start":{"line":189,"column":15},"end":{"line":189,"column":15}},"loc":{"start":{"line":189,"column":15},"end":{"line":186,"column":6}}},"39":{"name":"(anonymous_39)","decl":{"start":{"line":190,"column":30},"end":{"line":190,"column":30}},"loc":{"start":{"line":190,"column":30},"end":{"line":190,"column":17}}},"40":{"name":"(anonymous_40)","decl":{"start":{"line":197,"column":16},"end":{"line":197,"column":16}},"loc":{"start":{"line":197,"column":16},"end":{"line":null,"column":-1}}},"41":{"name":"(anonymous_41)","decl":{"start":{"line":205,"column":25},"end":{"line":205,"column":25}},"loc":{"start":{"line":205,"column":25},"end":{"line":null,"column":-1}}},"42":{"name":"(anonymous_42)","decl":{"start":{"line":212,"column":15},"end":{"line":212,"column":14}},"loc":{"start":{"line":212,"column":15},"end":{"line":212,"column":14}}},"43":{"name":"(anonymous_43)","decl":{"start":{"line":212,"column":15},"end":{"line":212,"column":15}},"loc":{"start":{"line":212,"column":15},"end":{"line":null,"column":-1}}},"44":{"name":"(anonymous_44)","decl":{"start":{"line":213,"column":30},"end":{"line":213,"column":30}},"loc":{"start":{"line":213,"column":30},"end":{"line":213,"column":17}}},"45":{"name":"(anonymous_45)","decl":{"start":{"line":222,"column":20},"end":{"line":222,"column":20}},"loc":{"start":{"line":222,"column":20},"end":{"line":null,"column":-1}}},"46":{"name":"(anonymous_46)","decl":{"start":{"line":229,"column":16},"end":{"line":229,"column":16}},"loc":{"start":{"line":229,"column":16},"end":{"line":null,"column":-1}}},"47":{"name":"(anonymous_47)","decl":{"start":{"line":236,"column":20},"end":{"line":236,"column":20}},"loc":{"start":{"line":236,"column":20},"end":{"line":null,"column":-1}}},"48":{"name":"(anonymous_48)","decl":{"start":{"line":242,"column":11},"end":{"line":242,"column":10}},"loc":{"start":{"line":242,"column":11},"end":{"line":null,"column":-1}}},"49":{"name":"(anonymous_49)","decl":{"start":{"line":245,"column":20},"end":{"line":245,"column":19}},"loc":{"start":{"line":245,"column":20},"end":{"line":null,"column":-1}}},"50":{"name":"(anonymous_50)","decl":{"start":{"line":250,"column":21},"end":{"line":250,"column":21}},"loc":{"start":{"line":250,"column":21},"end":{"line":null,"column":-1}}},"51":{"name":"(anonymous_51)","decl":{"start":{"line":254,"column":11},"end":{"line":254,"column":11}},"loc":{"start":{"line":254,"column":11},"end":{"line":251,"column":4}}},"52":{"name":"(anonymous_52)","decl":{"start":{"line":257,"column":15},"end":{"line":257,"column":15}},"loc":{"start":{"line":257,"column":15},"end":{"line":null,"column":-1}}},"53":{"name":"(anonymous_53)","decl":{"start":{"line":261,"column":17},"end":{"line":261,"column":17}},"loc":{"start":{"line":261,"column":17},"end":{"line":null,"column":-1}}},"54":{"name":"(anonymous_54)","decl":{"start":{"line":266,"column":11},"end":{"line":266,"column":10}},"loc":{"start":{"line":266,"column":11},"end":{"line":null,"column":-1}}},"55":{"name":"(anonymous_55)","decl":{"start":{"line":270,"column":10},"end":{"line":270,"column":10}},"loc":{"start":{"line":270,"column":10},"end":{"line":null,"column":-1}}}},"branchMap":{"0":{"loc":{"start":{"line":9,"column":5},"end":{"line":9,"column":4}},"type":"binary-expr","locations":[{"start":{"line":9,"column":5},"end":{"line":9,"column":4}},{"start":{"line":9,"column":35},"end":{"line":9,"column":2}}]},"1":{"loc":{"start":{"line":15,"column":5},"end":{"line":15,"column":1}},"type":"cond-expr","locations":[{"start":{"line":15,"column":5},"end":{"line":15,"column":1}},{"start":{"line":15,"column":5},"end":{"line":15,"column":1}}]},"2":{"loc":{"start":{"line":20,"column":15},"end":{"line":20,"column":42}},"type":"cond-expr","locations":[{"start":{"line":20,"column":15},"end":{"line":20,"column":42}},{"start":{"line":20,"column":43},"end":{"line":20,"column":16}}]},"3":{"loc":{"start":{"line":21,"column":18},"end":{"line":21,"column":17}},"type":"binary-expr","locations":[{"start":{"line":21,"column":18},"end":{"line":21,"column":17}},{"start":{"line":21,"column":18},"end":{"line":21,"column":37}},{"start":{"line":21,"column":43},"end":{"line":null,"column":-1}}]},"4":{"loc":{"start":{"line":21,"column":32},"end":{"line":21,"column":37}},"type":"cond-expr","locations":[{"start":{"line":21,"column":32},"end":{"line":21,"column":37}},{"start":{"line":21,"column":37},"end":{"line":21,"column":17}}]},"5":{"loc":{"start":{"line":29,"column":7},"end":{"line":29,"column":3}},"type":"binary-expr","locations":[{"start":{"line":29,"column":7},"end":{"line":29,"column":3}},{"start":{"line":29,"column":7},"end":{"line":29,"column":3}}]},"6":{"loc":{"start":{"line":33,"column":7},"end":{"line":33,"column":3}},"type":"cond-expr","locations":[{"start":{"line":33,"column":7},"end":{"line":33,"column":3}},{"start":{"line":33,"column":7},"end":{"line":33,"column":3}}]},"7":{"loc":{"start":{"line":42,"column":4},"end":{"line":42,"column":39}},"type":"cond-expr","locations":[{"start":{"line":42,"column":4},"end":{"line":42,"column":39}},{"start":{"line":42,"column":39},"end":{"line":42,"column":10}}]},"8":{"loc":{"start":{"line":47,"column":11},"end":{"line":47,"column":3}},"type":"cond-expr","locations":[{"start":{"line":47,"column":11},"end":{"line":47,"column":3}},{"start":{"line":47,"column":11},"end":{"line":47,"column":3}}]},"9":{"loc":{"start":{"line":88,"column":15},"end":{"line":88,"column":24}},"type":"cond-expr","locations":[{"start":{"line":88,"column":15},"end":{"line":88,"column":24}},{"start":{"line":88,"column":24},"end":{"line":87,"column":6}}]},"10":{"loc":{"start":{"line":129,"column":8},"end":{"line":129,"column":7}},"type":"binary-expr","locations":[{"start":{"line":129,"column":8},"end":{"line":129,"column":7}},{"start":{"line":129,"column":40},"end":{"line":129,"column":4}}]},"11":{"loc":{"start":{"line":142,"column":36},"end":{"line":142,"column":8}},"type":"cond-expr","locations":[{"start":{"line":142,"column":36},"end":{"line":142,"column":8}},{"start":{"line":142,"column":80},"end":{"line":142,"column":8}}]},"12":{"loc":{"start":{"line":154,"column":8},"end":{"line":154,"column":43}},"type":"cond-expr","locations":[{"start":{"line":154,"column":8},"end":{"line":154,"column":43}},{"start":{"line":154,"column":43},"end":{"line":null,"column":-1}}]},"13":{"loc":{"start":{"line":154,"column":25},"end":{"line":154,"column":34}},"type":"cond-expr","locations":[{"start":{"line":154,"column":25},"end":{"line":154,"column":34}},{"start":{"line":154,"column":34},"end":{"line":154,"column":24}}]},"14":{"loc":{"start":{"line":156,"column":8},"end":{"line":156,"column":34}},"type":"cond-expr","locations":[{"start":{"line":156,"column":8},"end":{"line":156,"column":34}},{"start":{"line":156,"column":34},"end":{"line":156,"column":8}}]},"15":{"loc":{"start":{"line":157,"column":8},"end":{"line":157,"column":23}},"type":"cond-expr","locations":[{"start":{"line":157,"column":8},"end":{"line":157,"column":23}},{"start":{"line":157,"column":23},"end":{"line":null,"column":-1}}]},"16":{"loc":{"start":{"line":167,"column":8},"end":{"line":167,"column":43}},"type":"cond-expr","locations":[{"start":{"line":167,"column":8},"end":{"line":167,"column":43}},{"start":{"line":167,"column":43},"end":{"line":null,"column":-1}}]},"17":{"loc":{"start":{"line":169,"column":8},"end":{"line":169,"column":11}},"type":"cond-expr","locations":[{"start":{"line":169,"column":8},"end":{"line":169,"column":11}},{"start":{"line":169,"column":11},"end":{"line":169,"column":8}}]},"18":{"loc":{"start":{"line":172,"column":10},"end":{"line":172,"column":25}},"type":"cond-expr","locations":[{"start":{"line":172,"column":10},"end":{"line":172,"column":25}},{"start":{"line":172,"column":25},"end":{"line":169,"column":7}}]},"19":{"loc":{"start":{"line":192,"column":8},"end":{"line":192,"column":25}},"type":"cond-expr","locations":[{"start":{"line":192,"column":8},"end":{"line":192,"column":25}},{"start":{"line":192,"column":25},"end":{"line":null,"column":-1}}]},"20":{"loc":{"start":{"line":192,"column":25},"end":{"line":null,"column":-1}},"type":"cond-expr","locations":[{"start":{"line":192,"column":25},"end":{"line":null,"column":-1}},{"start":{"line":192,"column":25},"end":{"line":null,"column":-1}}]},"21":{"loc":{"start":{"line":202,"column":15},"end":{"line":202,"column":24}},"type":"cond-expr","locations":[{"start":{"line":202,"column":15},"end":{"line":202,"column":24}},{"start":{"line":202,"column":24},"end":{"line":201,"column":6}}]},"22":{"loc":{"start":{"line":203,"column":13},"end":{"line":203,"column":22}},"type":"cond-expr","locations":[{"start":{"line":203,"column":13},"end":{"line":203,"column":22}},{"start":{"line":203,"column":22},"end":{"line":201,"column":6}}]},"23":{"loc":{"start":{"line":227,"column":15},"end":{"line":227,"column":24}},"type":"cond-expr","locations":[{"start":{"line":227,"column":15},"end":{"line":227,"column":24}},{"start":{"line":227,"column":24},"end":{"line":224,"column":6}}]},"24":{"loc":{"start":{"line":243,"column":5},"end":{"line":243,"column":4}},"type":"binary-expr","locations":[{"start":{"line":243,"column":5},"end":{"line":243,"column":4}},{"start":{"line":243,"column":34},"end":{"line":243,"column":36}}]},"25":{"loc":{"start":{"line":247,"column":4},"end":{"line":247,"column":3}},"type":"binary-expr","locations":[{"start":{"line":247,"column":4},"end":{"line":247,"column":3}},{"start":{"line":248,"column":4},"end":{"line":248,"column":3}}]},"26":{"loc":{"start":{"line":248,"column":4},"end":{"line":248,"column":30}},"type":"cond-expr","locations":[{"start":{"line":248,"column":4},"end":{"line":248,"column":30}},{"start":{"line":248,"column":30},"end":{"line":248,"column":4}}]},"27":{"loc":{"start":{"line":248,"column":4},"end":{"line":248,"column":36}},"type":"cond-expr","locations":[{"start":{"line":248,"column":4},"end":{"line":248,"column":36}},{"start":{"line":248,"column":36},"end":{"line":248,"column":4}}]},"28":{"loc":{"start":{"line":254,"column":34},"end":{"line":null,"column":-1}},"type":"cond-expr","locations":[{"start":{"line":254,"column":34},"end":{"line":null,"column":-1}}]},"29":{"loc":{"start":{"line":254,"column":25},"end":{"line":254,"column":34}},"type":"cond-expr","locations":[{"start":{"line":254,"column":25},"end":{"line":254,"column":34}},{"start":{"line":254,"column":34},"end":{"line":null,"column":-1}}]}},"s":{"0":2,"1":2,"2":2,"3":2,"4":2,"5":2,"6":2,"7":0,"8":0,"9":2,"10":0,"11":0,"12":0,"13":2,"14":0,"15":0,"16":0,"17":0,"18":0,"19":0,"20":0,"21":0,"22":0,"23":0,"24":0,"25":2,"26":0,"27":2,"28":23,"29":3,"30":3,"31":3,"32":3,"33":3,"34":3,"35":3,"36":3,"37":3,"38":3,"39":3,"40":3,"41":3,"42":3,"43":3,"44":3,"45":3,"46":3,"47":3,"48":0,"49":0,"50":0,"51":0,"52":0,"53":0,"54":0,"55":0,"56":0,"57":0,"58":0,"59":0,"60":0,"61":0,"62":0,"63":0,"64":0,"65":0,"66":0,"67":0,"68":0,"69":0,"70":0,"71":0,"72":0,"73":0,"74":0,"75":0,"76":0,"77":0,"78":3},"f":{"0":0,"1":0,"2":0,"3":0,"4":0,"5":0,"6":0,"7":20,"8":0,"9":0,"10":0,"11":0,"12":0,"13":0,"14":0,"15":0,"16":0,"17":0,"18":0,"19":0,"20":0,"21":0,"22":0,"23":0,"24":0,"25":0,"26":0,"27":0,"28":0,"29":0,"30":0,"31":0,"32":0,"33":0,"34":0,"35":0,"36":0,"37":0,"38":0,"39":0,"40":0,"41":0,"42":0,"43":0,"44":0,"45":0,"46":0,"47":0,"48":0,"49":0,"50":0,"51":0,"52":0,"53":0,"54":0,"55":0},"b":{"0":[0,0],"1":[0,0],"2":[0,0],"3":[0,0,0],"4":[0,0],"5":[0,0],"6":[0,0],"7":[0,0],"8":[0,0],"9":[0,0],"10":[0,0],"11":[0,0],"12":[0,0],"13":[0,0],"14":[0,0],"15":[0,0],"16":[0,0],"17":[0,0],"18":[0,0],"19":[0,0],"20":[0,0],"21":[0,0],"22":[0,0],"23":[0,0],"24":[0,0],"25":[0,0],"26":[0,0],"27":[0,0],"28":[0],"29":[0,0]}}
,"/Users/eveessex/dev/force/src/mobile": {"path":"/Users/eveessex/dev/force/src/mobile","statementMap":{"0":{"start":{"line":70,"column":0},"end":{"line":null,"column":-1}},"1":{"start":{"line":71,"column":2},"end":{"line":71,"column":29}},"2":{"start":{"line":75,"column":0},"end":{"line":75,"column":-1}}},"fnMap":{},"branchMap":{"0":{"loc":{"start":{"line":71,"column":9},"end":{"line":71,"column":8}},"type":"binary-expr","locations":[{"start":{"line":71,"column":9},"end":{"line":71,"column":8}},{"start":{"line":71,"column":29},"end":{"line":null,"column":-1}}]},"1":{"loc":{"start":{"line":75,"column":91},"end":{"line":75,"column":-1}},"type":"binary-expr","locations":[{"start":{"line":75,"column":91},"end":{"line":75,"column":-1}},{"start":{"line":75,"column":91},"end":{"line":75,"column":0}}]}},"s":{"0":2,"1":58,"2":1},"f":{},"b":{"0":[58,48],"1":[1,1]}}
,"/Users/eveessex/dev/force/src/desktop/collections": {"path":"/Users/eveessex/dev/force/src/desktop/collections","statementMap":{"0":{"start":{"line":1,"column":0},"end":{"line":null,"column":-1}},"1":{"start":{"line":1,"column":0},"end":{"line":1,"column":4}},"2":{"start":{"line":2,"column":2},"end":{"line":2,"column":17}},"3":{"start":{"line":3,"column":0},"end":{"line":3,"column":11}},"4":{"start":{"line":4,"column":0},"end":{"line":4,"column":9}},"5":{"start":{"line":5,"column":2},"end":{"line":5,"column":33}},"6":{"start":{"line":6,"column":0},"end":{"line":6,"column":9}},"7":{"start":{"line":8,"column":0},"end":{"line":8,"column":48}},"8":{"start":{"line":9,"column":2},"end":{"line":null,"column":-1}},"9":{"start":{"line":10,"column":2},"end":{"line":null,"column":-1}},"10":{"start":{"line":2,"column":0},"end":{"line":2,"column":5}},"11":{"start":{"line":3,"column":0},"end":{"line":3,"column":10}},"12":{"start":{"line":4,"column":0},"end":{"line":4,"column":11}},"13":{"start":{"line":5,"column":0},"end":{"line":5,"column":14}},"14":{"start":{"line":6,"column":2},"end":{"line":6,"column":33}},"15":{"start":{"line":7,"column":2},"end":{"line":7,"column":12}},"16":{"start":{"line":9,"column":0},"end":{"line":9,"column":49}},"17":{"start":{"line":11,"column":2},"end":{"line":null,"column":-1}},"18":{"start":{"line":15,"column":23},"end":{"line":15,"column":33}},"19":{"start":{"line":16,"column":6},"end":{"line":16,"column":7}},"20":{"start":{"line":25,"column":4},"end":{"line":25,"column":18}},"21":{"start":{"line":26,"column":6},"end":{"line":26,"column":5}},"22":{"start":{"line":27,"column":6},"end":{"line":27,"column":14}},"23":{"start":{"line":28,"column":6},"end":{"line":28,"column":64}},"24":{"start":{"line":42,"column":26},"end":{"line":42,"column":44}},"25":{"start":{"line":43,"column":4},"end":{"line":43,"column":3}},"26":{"start":{"line":45,"column":4},"end":{"line":45,"column":14}},"27":{"start":{"line":46,"column":4},"end":{"line":null,"column":-1}},"28":{"start":{"line":47,"column":6},"end":{"line":47,"column":24}},"29":{"start":{"line":49,"column":4},"end":{"line":49,"column":13}},"30":{"start":{"line":50,"column":4},"end":{"line":null,"column":-1}},"31":{"start":{"line":51,"column":6},"end":{"line":null,"column":-1}},"32":{"start":{"line":52,"column":6},"end":{"line":52,"column":24}},"33":{"start":{"line":54,"column":8},"end":{"line":53,"column":6}},"34":{"start":{"line":64,"column":2},"end":{"line":64,"column":17}},"35":{"start":{"line":69,"column":2},"end":{"line":69,"column":13}},"36":{"start":{"line":75,"column":34},"end":{"line":75,"column":47}},"37":{"start":{"line":75,"column":53},"end":{"line":75,"column":67}},"38":{"start":{"line":76,"column":4},"end":{"line":76,"column":3}},"39":{"start":{"line":4,"column":0},"end":{"line":4,"column":18}},"40":{"start":{"line":6,"column":2},"end":{"line":6,"column":12}},"41":{"start":{"line":8,"column":0},"end":{"line":8,"column":57}},"42":{"start":{"line":16,"column":6},"end":{"line":19,"column":8}},"43":{"start":{"line":22,"column":8},"end":{"line":22,"column":36}},"44":{"start":{"line":23,"column":8},"end":{"line":21,"column":6}},"45":{"start":{"line":23,"column":8},"end":{"line":23,"column":7}},"46":{"start":{"line":27,"column":18},"end":{"line":27,"column":30}},"47":{"start":{"line":27,"column":36},"end":{"line":27,"column":45}},"48":{"start":{"line":28,"column":4},"end":{"line":28,"column":13}},"49":{"start":{"line":29,"column":4},"end":{"line":29,"column":3}},"50":{"start":{"line":2,"column":0},"end":{"line":2,"column":24}},"51":{"start":{"line":4,"column":0},"end":{"line":4,"column":7}},"52":{"start":{"line":8,"column":0},"end":{"line":8,"column":46}},"53":{"start":{"line":18,"column":4},"end":{"line":18,"column":14}},"54":{"start":{"line":19,"column":4},"end":{"line":null,"column":-1}},"55":{"start":{"line":1,"column":0},"end":{"line":1,"column":11}},"56":{"start":{"line":5,"column":0},"end":{"line":5,"column":49}},"57":{"start":{"line":10,"column":10},"end":{"line":10,"column":17}},"58":{"start":{"line":11,"column":6},"end":{"line":11,"column":15}},"59":{"start":{"line":18,"column":4},"end":{"line":18,"column":15}}},"fnMap":{"0":{"name":"(anonymous_0)","decl":{"start":{"line":1,"column":0},"end":{"line":null,"column":-1}},"loc":{"start":{"line":1,"column":0},"end":{"line":null,"column":-1}}},"1":{"name":"(anonymous_4)","decl":{"start":{"line":16,"column":14},"end":{"line":16,"column":13}},"loc":{"start":{"line":16,"column":14},"end":{"line":null,"column":-1}}},"2":{"name":"(anonymous_5)","decl":{"start":{"line":17,"column":20},"end":{"line":17,"column":20}},"loc":{"start":{"line":17,"column":20},"end":{"line":17,"column":15}}},"3":{"name":"(anonymous_4)","decl":{"start":{"line":15,"column":14},"end":{"line":15,"column":14}},"loc":{"start":{"line":15,"column":14},"end":{"line":null,"column":-1}}},"4":{"name":"(anonymous_5)","decl":{"start":{"line":17,"column":16},"end":{"line":17,"column":15}},"loc":{"start":{"line":17,"column":16},"end":{"line":17,"column":15}}},"5":{"name":"(anonymous_6)","decl":{"start":{"line":17,"column":16},"end":{"line":17,"column":16}},"loc":{"start":{"line":17,"column":16},"end":{"line":null,"column":-1}}},"6":{"name":"(anonymous_7)","decl":{"start":{"line":24,"column":23},"end":{"line":24,"column":23}},"loc":{"start":{"line":24,"column":23},"end":{"line":null,"column":-1}}},"7":{"name":"(anonymous_8)","decl":{"start":{"line":25,"column":23},"end":{"line":25,"column":23}},"loc":{"start":{"line":25,"column":23},"end":{"line":25,"column":18}}},"8":{"name":"(anonymous_9)","decl":{"start":{"line":42,"column":25},"end":{"line":42,"column":25}},"loc":{"start":{"line":42,"column":25},"end":{"line":null,"column":-1}}},"9":{"name":"(anonymous_10)","decl":{"start":{"line":64,"column":17},"end":{"line":64,"column":17}},"loc":{"start":{"line":64,"column":17},"end":{"line":null,"column":-1}}},"10":{"name":"(anonymous_11)","decl":{"start":{"line":65,"column":21},"end":{"line":65,"column":21}},"loc":{"start":{"line":65,"column":21},"end":{"line":65,"column":4}}},"11":{"name":"(anonymous_12)","decl":{"start":{"line":69,"column":13},"end":{"line":69,"column":13}},"loc":{"start":{"line":69,"column":13},"end":{"line":null,"column":-1}}},"12":{"name":"(anonymous_13)","decl":{"start":{"line":72,"column":10},"end":{"line":72,"column":10}},"loc":{"start":{"line":72,"column":10},"end":{"line":null,"column":-1}}},"13":{"name":"(anonymous_14)","decl":{"start":{"line":75,"column":18},"end":{"line":75,"column":18}},"loc":{"start":{"line":75,"column":18},"end":{"line":null,"column":-1}}},"14":{"name":"(anonymous_15)","decl":{"start":{"line":78,"column":43},"end":{"line":78,"column":43}},"loc":{"start":{"line":78,"column":43},"end":{"line":78,"column":20}}},"15":{"name":"(anonymous_4)","decl":{"start":{"line":14,"column":20},"end":{"line":14,"column":20}},"loc":{"start":{"line":14,"column":20},"end":{"line":null,"column":-1}}},"16":{"name":"(anonymous_5)","decl":{"start":{"line":27,"column":17},"end":{"line":27,"column":17}},"loc":{"start":{"line":27,"column":17},"end":{"line":null,"column":-1}}},"17":{"name":"(anonymous_6)","decl":{"start":{"line":28,"column":18},"end":{"line":28,"column":18}},"loc":{"start":{"line":28,"column":18},"end":{"line":28,"column":13}}},"18":{"name":"(anonymous_4)","decl":{"start":{"line":17,"column":17},"end":{"line":17,"column":16}},"loc":{"start":{"line":17,"column":17},"end":{"line":null,"column":-1}}},"19":{"name":"(anonymous_5)","decl":{"start":{"line":18,"column":23},"end":{"line":18,"column":23}},"loc":{"start":{"line":18,"column":23},"end":{"line":18,"column":14}}},"20":{"name":"(anonymous_6)","decl":{"start":{"line":22,"column":31},"end":{"line":22,"column":31}},"loc":{"start":{"line":22,"column":31},"end":{"line":22,"column":15}}},"21":{"name":"(anonymous_5)","decl":{"start":{"line":10,"column":9},"end":{"line":10,"column":9}},"loc":{"start":{"line":10,"column":9},"end":{"line":null,"column":-1}}},"22":{"name":"(anonymous_6)","decl":{"start":{"line":14,"column":12},"end":{"line":14,"column":11}},"loc":{"start":{"line":14,"column":12},"end":{"line":null,"column":-1}}},"23":{"name":"(anonymous_7)","decl":{"start":{"line":17,"column":8},"end":{"line":17,"column":7}},"loc":{"start":{"line":17,"column":8},"end":{"line":null,"column":-1}}},"24":{"name":"(anonymous_8)","decl":{"start":{"line":19,"column":12},"end":{"line":19,"column":12}},"loc":{"start":{"line":19,"column":12},"end":{"line":19,"column":4}}},"25":{"name":"(anonymous_9)","decl":{"start":{"line":22,"column":13},"end":{"line":22,"column":12}},"loc":{"start":{"line":22,"column":13},"end":{"line":null,"column":-1}}},"26":{"name":"(anonymous_11)","decl":{"start":{"line":25,"column":14},"end":{"line":25,"column":14}},"loc":{"start":{"line":25,"column":14},"end":{"line":null,"column":-1}}},"27":{"name":"(anonymous_12)","decl":{"start":{"line":26,"column":20},"end":{"line":26,"column":20}},"loc":{"start":{"line":26,"column":20},"end":{"line":26,"column":19}}},"28":{"name":"(anonymous_13)","decl":{"start":{"line":28,"column":8},"end":{"line":28,"column":8}},"loc":{"start":{"line":28,"column":8},"end":{"line":null,"column":-1}}}},"branchMap":{"0":{"loc":{"start":{"line":1,"column":0},"end":{"line":null,"column":-1}},"type":"if","locations":[{"start":{"line":1,"column":0},"end":{"line":null,"column":-1}},{"start":{"line":1,"column":0},"end":{"line":null,"column":-1}}]},"1":{"loc":{"start":{"line":17,"column":33},"end":{"line":17,"column":47}},"type":"cond-expr","locations":[{"start":{"line":17,"column":33},"end":{"line":17,"column":47}},{"start":{"line":17,"column":47},"end":{"line":null,"column":-1}}]},"2":{"loc":{"start":{"line":28,"column":41},"end":{"line":28,"column":15}},"type":"cond-expr","locations":[{"start":{"line":28,"column":41},"end":{"line":28,"column":15}},{"start":{"line":28,"column":56},"end":{"line":28,"column":64}}]},"3":{"loc":{"start":{"line":46,"column":18},"end":{"line":46,"column":3}},"type":"cond-expr","locations":[{"start":{"line":46,"column":18},"end":{"line":46,"column":3}},{"start":{"line":46,"column":18},"end":{"line":46,"column":3}}]},"4":{"loc":{"start":{"line":46,"column":18},"end":{"line":46,"column":3}},"type":"cond-expr","locations":[{"start":{"line":46,"column":18},"end":{"line":46,"column":3}},{"start":{"line":46,"column":18},"end":{"line":46,"column":4}}]},"5":{"loc":{"start":{"line":16,"column":6},"end":{"line":17,"column":8}},"type":"binary-expr","locations":[{"start":{"line":16,"column":6},"end":{"line":17,"column":8}},{"start":{"line":18,"column":8},"end":{"line":17,"column":8}},{"start":{"line":19,"column":8},"end":{"line":null,"column":-1}}]},"6":{"loc":{"start":{"line":17,"column":8},"end":{"line":17,"column":7}},"type":"cond-expr","locations":[{"start":{"line":17,"column":8},"end":{"line":17,"column":7}}]},"7":{"loc":{"start":{"line":23,"column":8},"end":{"line":21,"column":6}},"type":"if","locations":[{"start":{"line":23,"column":8},"end":{"line":21,"column":6}},{"start":{"line":23,"column":8},"end":{"line":21,"column":6}}]},"8":{"loc":{"start":{"line":23,"column":66},"end":{"line":null,"column":-1}},"type":"cond-expr","locations":[{"start":{"line":23,"column":66},"end":{"line":null,"column":-1}}]}},"s":{"0":332,"1":17,"2":3,"3":12,"4":3,"5":12,"6":6,"7":3,"8":3,"9":12,"10":11,"11":6,"12":5,"13":5,"14":5,"15":5,"16":5,"17":8,"18":0,"19":0,"20":0,"21":0,"22":0,"23":0,"24":0,"25":0,"26":0,"27":0,"28":0,"29":0,"30":0,"31":0,"32":0,"33":0,"34":5,"35":5,"36":0,"37":0,"38":0,"39":6,"40":6,"41":6,"42":0,"43":0,"44":0,"45":0,"46":0,"47":0,"48":0,"49":0,"50":4,"51":3,"52":3,"53":0,"54":0,"55":1,"56":1,"57":0,"58":0,"59":0},"f":{"0":36,"1":0,"2":0,"3":0,"4":0,"5":0,"6":0,"7":0,"8":0,"9":0,"10":0,"11":0,"12":0,"13":0,"14":0,"15":0,"16":0,"17":0,"18":0,"19":0,"20":0,"21":0,"22":0,"23":0,"24":0,"25":0,"26":0,"27":0,"28":0},"b":{"0":[103,0],"1":[0,0],"2":[0,0],"3":[0,0],"4":[0,0],"5":[0,0,0],"6":[0],"7":[0,0],"8":[0]}}
,"/Users/eveessex/dev/force/src/desktop/lib": {"path":"/Users/eveessex/dev/force/src/desktop/lib","statementMap":{"0":{"start":{"line":1,"column":0},"end":{"line":1,"column":4}},"1":{"start":{"line":2,"column":0},"end":{"line":2,"column":11}},"2":{"start":{"line":4,"column":0},"end":{"line":4,"column":11}},"3":{"start":{"line":5,"column":0},"end":{"line":5,"column":53}},"4":{"start":{"line":6,"column":0},"end":{"line":6,"column":4}},"5":{"start":{"line":7,"column":0},"end":{"line":7,"column":11}},"6":{"start":{"line":9,"column":0},"end":{"line":9,"column":17}},"7":{"start":{"line":10,"column":0},"end":{"line":10,"column":63}}},"fnMap":{},"branchMap":{"0":{"loc":{"start":{"line":5,"column":17},"end":{"line":5,"column":16}},"type":"binary-expr","locations":[{"start":{"line":5,"column":17},"end":{"line":5,"column":16}},{"start":{"line":5,"column":53},"end":{"line":null,"column":-1}}]},"1":{"loc":{"start":{"line":5,"column":17},"end":{"line":5,"column":40}},"type":"cond-expr","locations":[{"start":{"line":5,"column":17},"end":{"line":5,"column":40}},{"start":{"line":5,"column":40},"end":{"line":5,"column":17}}]},"2":{"loc":{"start":{"line":5,"column":17},"end":{"line":5,"column":17}},"type":"binary-expr","locations":[{"start":{"line":5,"column":17},"end":{"line":5,"column":17}},{"start":{"line":5,"column":17},"end":{"line":5,"column":17}}]},"3":{"loc":{"start":{"line":5,"column":18},"end":{"line":5,"column":26}},"type":"cond-expr","locations":[{"start":{"line":5,"column":18},"end":{"line":5,"column":26}},{"start":{"line":5,"column":18},"end":{"line":5,"column":40}}]},"4":{"loc":{"start":{"line":10,"column":17},"end":{"line":10,"column":16}},"type":"binary-expr","locations":[{"start":{"line":10,"column":17},"end":{"line":10,"column":16}},{"start":{"line":10,"column":63},"end":{"line":null,"column":-1}}]},"5":{"loc":{"start":{"line":10,"column":17},"end":{"line":10,"column":44}},"type":"cond-expr","locations":[{"start":{"line":10,"column":17},"end":{"line":10,"column":44}},{"start":{"line":10,"column":44},"end":{"line":10,"column":17}}]},"6":{"loc":{"start":{"line":10,"column":17},"end":{"line":10,"column":17}},"type":"binary-expr","locations":[{"start":{"line":10,"column":17},"end":{"line":10,"column":17}},{"start":{"line":10,"column":17},"end":{"line":10,"column":17}}]},"7":{"loc":{"start":{"line":10,"column":18},"end":{"line":10,"column":26}},"type":"cond-expr","locations":[{"start":{"line":10,"column":18},"end":{"line":10,"column":26}},{"start":{"line":10,"column":18},"end":{"line":10,"column":44}}]}},"s":{"0":14,"1":14,"2":14,"3":14,"4":3,"5":3,"6":3,"7":3},"f":{},"b":{"0":[14,0],"1":[14,0],"2":[14,14],"3":[0,14],"4":[3,0],"5":[3,0],"6":[3,3],"7":[1,2]}}
,"/Users/eveessex/dev/force/src/desktop/models": {"path":"/Users/eveessex/dev/force/src/desktop/models","statementMap":{"0":{"start":{"line":1,"column":0},"end":{"line":null,"column":-1}},"1":{"start":{"line":1,"column":0},"end":{"line":1,"column":4}},"2":{"start":{"line":2,"column":0},"end":{"line":2,"column":4}},"3":{"start":{"line":3,"column":0},"end":{"line":3,"column":11}},"4":{"start":{"line":4,"column":0},"end":{"line":4,"column":32}},"5":{"start":{"line":5,"column":0},"end":{"line":5,"column":7}},"6":{"start":{"line":6,"column":0},"end":{"line":6,"column":24}},"7":{"start":{"line":7,"column":0},"end":{"line":7,"column":80}},"8":{"start":{"line":9,"column":0},"end":{"line":9,"column":20}},"9":{"start":{"line":13,"column":4},"end":{"line":13,"column":40}},"10":{"start":{"line":15,"column":64},"end":{"line":15,"column":74}},"11":{"start":{"line":16,"column":6},"end":{"line":null,"column":-1}},"12":{"start":{"line":18,"column":10},"end":{"line":18,"column":25}},"13":{"start":{"line":17,"column":13},"end":{"line":null,"column":-1}},"14":{"start":{"line":20,"column":10},"end":{"line":20,"column":32}},"15":{"start":{"line":21,"column":10},"end":{"line":21,"column":25}},"16":{"start":{"line":19,"column":13},"end":{"line":null,"column":-1}},"17":{"start":{"line":23,"column":10},"end":{"line":null,"column":-1}},"18":{"start":{"line":27,"column":0},"end":{"line":27,"column":45}},"19":{"start":{"line":45,"column":10},"end":{"line":45,"column":20}},"20":{"start":{"line":47,"column":6},"end":{"line":47,"column":21}},"21":{"start":{"line":54,"column":44},"end":{"line":54,"column":53}},"22":{"start":{"line":55,"column":12},"end":{"line":55,"column":30}},"23":{"start":{"line":56,"column":12},"end":{"line":56,"column":11}},"24":{"start":{"line":59,"column":10},"end":{"line":59,"column":20}},"25":{"start":{"line":64,"column":10},"end":{"line":64,"column":28}},"26":{"start":{"line":65,"column":10},"end":{"line":65,"column":9}},"27":{"start":{"line":66,"column":10},"end":{"line":null,"column":-1}},"28":{"start":{"line":67,"column":10},"end":{"line":67,"column":35}},"29":{"start":{"line":71,"column":11},"end":{"line":71,"column":21}},"30":{"start":{"line":85,"column":10},"end":{"line":85,"column":38}},"31":{"start":{"line":86,"column":10},"end":{"line":null,"column":-1}},"32":{"start":{"line":91,"column":11},"end":{"line":91,"column":21}},"33":{"start":{"line":92,"column":4},"end":{"line":92,"column":12}},"34":{"start":{"line":93,"column":4},"end":{"line":93,"column":72}},"35":{"start":{"line":94,"column":4},"end":{"line":94,"column":76}},"36":{"start":{"line":99,"column":42},"end":{"line":99,"column":51}},"37":{"start":{"line":102,"column":34},"end":{"line":102,"column":44}},"38":{"start":{"line":104,"column":4},"end":{"line":104,"column":3}},"39":{"start":{"line":105,"column":4},"end":{"line":105,"column":11}},"40":{"start":{"line":108,"column":17},"end":{"line":108,"column":27}},"41":{"start":{"line":4,"column":2},"end":{"line":4,"column":36}},"42":{"start":{"line":5,"column":0},"end":{"line":5,"column":6}},"43":{"start":{"line":6,"column":0},"end":{"line":6,"column":12}},"44":{"start":{"line":10,"column":0},"end":{"line":10,"column":45}},"45":{"start":{"line":11,"column":2},"end":{"line":null,"column":-1}},"46":{"start":{"line":12,"column":2},"end":{"line":null,"column":-1}},"47":{"start":{"line":27,"column":12},"end":{"line":27,"column":22}},"48":{"start":{"line":58,"column":2},"end":{"line":58,"column":16}},"49":{"start":{"line":58,"column":17},"end":{"line":58,"column":30}},"50":{"start":{"line":59,"column":4},"end":{"line":59,"column":18}},"51":{"start":{"line":60,"column":4},"end":{"line":60,"column":20}},"52":{"start":{"line":2,"column":0},"end":{"line":2,"column":11}},"53":{"start":{"line":3,"column":2},"end":{"line":3,"column":20}},"54":{"start":{"line":5,"column":0},"end":{"line":5,"column":49}},"55":{"start":{"line":65,"column":4},"end":{"line":65,"column":3}},"56":{"start":{"line":84,"column":4},"end":{"line":84,"column":14}},"57":{"start":{"line":1,"column":0},"end":{"line":1,"column":17}},"58":{"start":{"line":2,"column":0},"end":{"line":2,"column":5}},"59":{"start":{"line":3,"column":0},"end":{"line":3,"column":24}},"60":{"start":{"line":4,"column":0},"end":{"line":4,"column":11}},"61":{"start":{"line":5,"column":0},"end":{"line":5,"column":11}},"62":{"start":{"line":6,"column":0},"end":{"line":6,"column":19}},"63":{"start":{"line":7,"column":2},"end":{"line":7,"column":20}},"64":{"start":{"line":8,"column":0},"end":{"line":8,"column":21}},"65":{"start":{"line":9,"column":2},"end":{"line":9,"column":20}},"66":{"start":{"line":10,"column":0},"end":{"line":10,"column":12}},"67":{"start":{"line":11,"column":0},"end":{"line":11,"column":16}},"68":{"start":{"line":12,"column":0},"end":{"line":12,"column":13}},"69":{"start":{"line":14,"column":0},"end":{"line":14,"column":47}},"70":{"start":{"line":15,"column":2},"end":{"line":null,"column":-1}},"71":{"start":{"line":16,"column":2},"end":{"line":null,"column":-1}},"72":{"start":{"line":17,"column":2},"end":{"line":null,"column":-1}},"73":{"start":{"line":18,"column":2},"end":{"line":null,"column":-1}},"74":{"start":{"line":19,"column":2},"end":{"line":null,"column":-1}},"75":{"start":{"line":20,"column":2},"end":{"line":null,"column":-1}},"76":{"start":{"line":37,"column":18},"end":{"line":37,"column":28}},"77":{"start":{"line":43,"column":30},"end":{"line":43,"column":40}},"78":{"start":{"line":59,"column":4},"end":{"line":null,"column":-1}},"79":{"start":{"line":68,"column":27},"end":{"line":68,"column":39}},"80":{"start":{"line":69,"column":4},"end":{"line":69,"column":12}},"81":{"start":{"line":72,"column":27},"end":{"line":72,"column":36}},"82":{"start":{"line":94,"column":4},"end":{"line":94,"column":11}},"83":{"start":{"line":95,"column":4},"end":{"line":95,"column":13}},"84":{"start":{"line":3,"column":0},"end":{"line":3,"column":4}},"85":{"start":{"line":4,"column":0},"end":{"line":4,"column":24}},"86":{"start":{"line":6,"column":0},"end":{"line":6,"column":10}},"87":{"start":{"line":7,"column":0},"end":{"line":7,"column":10}},"88":{"start":{"line":8,"column":0},"end":{"line":8,"column":18}},"89":{"start":{"line":10,"column":0},"end":{"line":10,"column":24}},"90":{"start":{"line":11,"column":0},"end":{"line":11,"column":12}},"91":{"start":{"line":13,"column":0},"end":{"line":13,"column":48}},"92":{"start":{"line":26,"column":4},"end":{"line":26,"column":15}},"93":{"start":{"line":27,"column":4},"end":{"line":27,"column":27}},"94":{"start":{"line":31,"column":4},"end":{"line":31,"column":16}},"95":{"start":{"line":38,"column":20},"end":{"line":38,"column":30}},"96":{"start":{"line":93,"column":4},"end":{"line":93,"column":3}},"97":{"start":{"line":94,"column":4},"end":{"line":94,"column":3}},"98":{"start":{"line":95,"column":4},"end":{"line":95,"column":3}},"99":{"start":{"line":96,"column":4},"end":{"line":96,"column":3}},"100":{"start":{"line":105,"column":4},"end":{"line":105,"column":3}},"101":{"start":{"line":106,"column":4},"end":{"line":106,"column":3}},"102":{"start":{"line":107,"column":4},"end":{"line":107,"column":3}},"103":{"start":{"line":108,"column":4},"end":{"line":108,"column":3}},"104":{"start":{"line":213,"column":4},"end":{"line":213,"column":14}},"105":{"start":{"line":214,"column":4},"end":{"line":214,"column":3}},"106":{"start":{"line":216,"column":6},"end":{"line":215,"column":4}},"107":{"start":{"line":271,"column":4},"end":{"line":271,"column":3}},"108":{"start":{"line":285,"column":4},"end":{"line":285,"column":3}},"109":{"start":{"line":286,"column":4},"end":{"line":286,"column":3}},"110":{"start":{"line":287,"column":4},"end":{"line":287,"column":3}},"111":{"start":{"line":290,"column":8},"end":{"line":289,"column":6}},"112":{"start":{"line":291,"column":6},"end":{"line":288,"column":4}},"113":{"start":{"line":294,"column":6},"end":{"line":293,"column":4}},"114":{"start":{"line":297,"column":6},"end":{"line":296,"column":4}},"115":{"start":{"line":302,"column":4},"end":{"line":302,"column":3}},"116":{"start":{"line":303,"column":4},"end":{"line":303,"column":3}},"117":{"start":{"line":304,"column":4},"end":{"line":304,"column":3}},"118":{"start":{"line":325,"column":4},"end":{"line":326,"column":6}},"119":{"start":{"line":351,"column":4},"end":{"line":351,"column":12}},"120":{"start":{"line":352,"column":4},"end":{"line":352,"column":3}},"121":{"start":{"line":353,"column":4},"end":{"line":null,"column":-1}},"122":{"start":{"line":3,"column":2},"end":{"line":3,"column":17}},"123":{"start":{"line":5,"column":0},"end":{"line":5,"column":48}},"124":{"start":{"line":6,"column":2},"end":{"line":null,"column":-1}},"125":{"start":{"line":12,"column":6},"end":{"line":9,"column":4}},"126":{"start":{"line":2,"column":0},"end":{"line":2,"column":24}},"127":{"start":{"line":4,"column":0},"end":{"line":4,"column":7}},"128":{"start":{"line":5,"column":0},"end":{"line":5,"column":19}},"129":{"start":{"line":8,"column":0},"end":{"line":8,"column":48}},"130":{"start":{"line":9,"column":2},"end":{"line":null,"column":-1}},"131":{"start":{"line":38,"column":4},"end":{"line":38,"column":19}},"132":{"start":{"line":39,"column":4},"end":{"line":39,"column":21}},"133":{"start":{"line":40,"column":6},"end":{"line":40,"column":5}},"134":{"start":{"line":42,"column":4},"end":{"line":42,"column":76}},"135":{"start":{"line":56,"column":4},"end":{"line":56,"column":3}},"136":{"start":{"line":57,"column":4},"end":{"line":57,"column":14}},"137":{"start":{"line":61,"column":4},"end":{"line":61,"column":3}},"138":{"start":{"line":1,"column":0},"end":{"line":1,"column":11}},"139":{"start":{"line":5,"column":2},"end":{"line":5,"column":12}},"140":{"start":{"line":6,"column":0},"end":{"line":6,"column":13}},"141":{"start":{"line":8,"column":0},"end":{"line":8,"column":45}},"142":{"start":{"line":10,"column":2},"end":{"line":null,"column":-1}},"143":{"start":{"line":12,"column":2},"end":{"line":12,"column":23}},"144":{"start":{"line":38,"column":4},"end":{"line":38,"column":3}},"145":{"start":{"line":40,"column":6},"end":{"line":39,"column":4}},"146":{"start":{"line":42,"column":6},"end":{"line":41,"column":4}},"147":{"start":{"line":4,"column":0},"end":{"line":4,"column":30}},"148":{"start":{"line":5,"column":2},"end":{"line":5,"column":15}},"149":{"start":{"line":7,"column":0},"end":{"line":7,"column":47}},"150":{"start":{"line":12,"column":4},"end":{"line":12,"column":15}},"151":{"start":{"line":13,"column":4},"end":{"line":13,"column":3}},"152":{"start":{"line":17,"column":6},"end":{"line":16,"column":4}},"153":{"start":{"line":20,"column":31},"end":{"line":20,"column":39}},"154":{"start":{"line":20,"column":42},"end":{"line":20,"column":49}},"155":{"start":{"line":21,"column":4},"end":{"line":21,"column":15}},"156":{"start":{"line":22,"column":4},"end":{"line":22,"column":3}},"157":{"start":{"line":33,"column":4},"end":{"line":33,"column":15}},"158":{"start":{"line":34,"column":4},"end":{"line":34,"column":3}},"159":{"start":{"line":3,"column":2},"end":{"line":3,"column":12}},"160":{"start":{"line":4,"column":0},"end":{"line":4,"column":13}},"161":{"start":{"line":6,"column":2},"end":{"line":6,"column":43}},"162":{"start":{"line":8,"column":0},"end":{"line":8,"column":56}},"163":{"start":{"line":2,"column":2},"end":{"line":2,"column":18}},"164":{"start":{"line":7,"column":0},"end":{"line":7,"column":7}},"165":{"start":{"line":9,"column":0},"end":{"line":9,"column":17}},"166":{"start":{"line":10,"column":0},"end":{"line":10,"column":13}},"167":{"start":{"line":12,"column":0},"end":{"line":12,"column":52}},"168":{"start":{"line":13,"column":2},"end":{"line":null,"column":-1}},"169":{"start":{"line":48,"column":6},"end":{"line":48,"column":47}},"170":{"start":{"line":55,"column":4},"end":{"line":55,"column":46}},"171":{"start":{"line":60,"column":4},"end":{"line":60,"column":12}},"172":{"start":{"line":61,"column":4},"end":{"line":61,"column":20}},"173":{"start":{"line":71,"column":4},"end":{"line":71,"column":43}},"174":{"start":{"line":72,"column":4},"end":{"line":72,"column":3}},"175":{"start":{"line":73,"column":4},"end":{"line":73,"column":3}},"176":{"start":{"line":74,"column":4},"end":{"line":74,"column":20}},"177":{"start":{"line":81,"column":4},"end":{"line":81,"column":8}},"178":{"start":{"line":81,"column":11},"end":{"line":81,"column":21}},"179":{"start":{"line":82,"column":4},"end":{"line":82,"column":11}},"180":{"start":{"line":86,"column":12},"end":{"line":null,"column":-1}},"181":{"start":{"line":91,"column":10},"end":{"line":null,"column":-1}},"182":{"start":{"line":3,"column":0},"end":{"line":3,"column":9}},"183":{"start":{"line":5,"column":0},"end":{"line":5,"column":26}},"184":{"start":{"line":6,"column":0},"end":{"line":6,"column":8}},"185":{"start":{"line":7,"column":0},"end":{"line":7,"column":12}},"186":{"start":{"line":8,"column":0},"end":{"line":8,"column":13}},"187":{"start":{"line":9,"column":0},"end":{"line":9,"column":12}},"188":{"start":{"line":10,"column":2},"end":{"line":10,"column":24}},"189":{"start":{"line":12,"column":0},"end":{"line":12,"column":45}},"190":{"start":{"line":14,"column":2},"end":{"line":null,"column":-1}},"191":{"start":{"line":38,"column":4},"end":{"line":38,"column":36}},"192":{"start":{"line":39,"column":4},"end":{"line":39,"column":3}},"193":{"start":{"line":70,"column":6},"end":{"line":67,"column":9}},"194":{"start":{"line":72,"column":11},"end":{"line":67,"column":9}},"195":{"start":{"line":74,"column":11},"end":{"line":67,"column":9}},"196":{"start":{"line":76,"column":11},"end":{"line":67,"column":9}},"197":{"start":{"line":135,"column":4},"end":{"line":135,"column":3}},"198":{"start":{"line":136,"column":4},"end":{"line":136,"column":3}},"199":{"start":{"line":137,"column":4},"end":{"line":137,"column":3}},"200":{"start":{"line":140,"column":18},"end":{"line":140,"column":27}},"201":{"start":{"line":141,"column":4},"end":{"line":141,"column":3}},"202":{"start":{"line":142,"column":4},"end":{"line":142,"column":10}},"203":{"start":{"line":144,"column":4},"end":{"line":144,"column":22}},"204":{"start":{"line":145,"column":4},"end":{"line":145,"column":17}},"205":{"start":{"line":149,"column":19},"end":{"line":149,"column":28}},"206":{"start":{"line":150,"column":4},"end":{"line":150,"column":3}},"207":{"start":{"line":151,"column":4},"end":{"line":151,"column":14}},"208":{"start":{"line":152,"column":4},"end":{"line":152,"column":22}},"209":{"start":{"line":166,"column":4},"end":{"line":166,"column":17}},"210":{"start":{"line":168,"column":6},"end":{"line":168,"column":39}},"211":{"start":{"line":169,"column":6},"end":{"line":167,"column":4}},"212":{"start":{"line":171,"column":6},"end":{"line":171,"column":34}},"213":{"start":{"line":172,"column":6},"end":{"line":167,"column":4}},"214":{"start":{"line":174,"column":4},"end":{"line":174,"column":12}},"215":{"start":{"line":179,"column":4},"end":{"line":null,"column":-1}},"216":{"start":{"line":183,"column":4},"end":{"line":183,"column":17}},"217":{"start":{"line":184,"column":4},"end":{"line":197,"column":6}},"218":{"start":{"line":207,"column":4},"end":{"line":207,"column":17}},"219":{"start":{"line":6,"column":0},"end":{"line":6,"column":9}},"220":{"start":{"line":7,"column":0},"end":{"line":7,"column":9}},"221":{"start":{"line":8,"column":0},"end":{"line":8,"column":12}},"222":{"start":{"line":10,"column":0},"end":{"line":10,"column":25}},"223":{"start":{"line":15,"column":0},"end":{"line":15,"column":45}},"224":{"start":{"line":46,"column":4},"end":{"line":46,"column":22}},"225":{"start":{"line":47,"column":4},"end":{"line":47,"column":59}},"226":{"start":{"line":48,"column":4},"end":{"line":48,"column":23}},"227":{"start":{"line":51,"column":23},"end":{"line":51,"column":31}},"228":{"start":{"line":55,"column":4},"end":{"line":55,"column":19}},"229":{"start":{"line":56,"column":4},"end":{"line":56,"column":29}},"230":{"start":{"line":78,"column":2},"end":{"line":78,"column":18}},"231":{"start":{"line":5,"column":0},"end":{"line":5,"column":10}},"232":{"start":{"line":25,"column":0},"end":{"line":25,"column":58}},"233":{"start":{"line":48,"column":4},"end":{"line":48,"column":3}},"234":{"start":{"line":52,"column":4},"end":{"line":52,"column":84}},"235":{"start":{"line":59,"column":4},"end":{"line":59,"column":14}},"236":{"start":{"line":60,"column":4},"end":{"line":null,"column":-1}},"237":{"start":{"line":61,"column":4},"end":{"line":61,"column":25}},"238":{"start":{"line":62,"column":4},"end":{"line":62,"column":57}},"239":{"start":{"line":63,"column":4},"end":{"line":null,"column":-1}},"240":{"start":{"line":68,"column":10},"end":{"line":67,"column":8}},"241":{"start":{"line":74,"column":6},"end":{"line":73,"column":4}},"242":{"start":{"line":76,"column":6},"end":{"line":null,"column":-1}},"243":{"start":{"line":77,"column":6},"end":{"line":73,"column":4}},"244":{"start":{"line":81,"column":4},"end":{"line":81,"column":14}},"245":{"start":{"line":82,"column":4},"end":{"line":null,"column":-1}},"246":{"start":{"line":83,"column":4},"end":{"line":83,"column":25}},"247":{"start":{"line":84,"column":4},"end":{"line":84,"column":57}},"248":{"start":{"line":85,"column":4},"end":{"line":85,"column":18}},"249":{"start":{"line":90,"column":10},"end":{"line":89,"column":8}},"250":{"start":{"line":95,"column":6},"end":{"line":94,"column":4}},"251":{"start":{"line":97,"column":6},"end":{"line":null,"column":-1}},"252":{"start":{"line":98,"column":6},"end":{"line":94,"column":4}},"253":{"start":{"line":99,"column":4},"end":{"line":null,"column":-1}},"254":{"start":{"line":112,"column":4},"end":{"line":112,"column":17}},"255":{"start":{"line":115,"column":6},"end":{"line":115,"column":19}},"256":{"start":{"line":117,"column":6},"end":{"line":113,"column":4}},"257":{"start":{"line":123,"column":4},"end":{"line":123,"column":12}},"258":{"start":{"line":128,"column":4},"end":{"line":128,"column":3}},"259":{"start":{"line":131,"column":4},"end":{"line":131,"column":24}},"260":{"start":{"line":134,"column":4},"end":{"line":null,"column":-1}},"261":{"start":{"line":138,"column":6},"end":{"line":138,"column":62}},"262":{"start":{"line":139,"column":6},"end":{"line":136,"column":4}},"263":{"start":{"line":141,"column":4},"end":{"line":141,"column":17}},"264":{"start":{"line":142,"column":4},"end":{"line":142,"column":3}},"265":{"start":{"line":147,"column":6},"end":{"line":145,"column":4}},"266":{"start":{"line":149,"column":6},"end":{"line":145,"column":4}},"267":{"start":{"line":150,"column":4},"end":{"line":null,"column":-1}},"268":{"start":{"line":151,"column":4},"end":{"line":151,"column":20}},"269":{"start":{"line":154,"column":4},"end":{"line":154,"column":32}},"270":{"start":{"line":155,"column":4},"end":{"line":155,"column":30}},"271":{"start":{"line":156,"column":4},"end":{"line":null,"column":-1}},"272":{"start":{"line":157,"column":6},"end":{"line":157,"column":38}},"273":{"start":{"line":159,"column":6},"end":{"line":159,"column":15}},"274":{"start":{"line":161,"column":8},"end":{"line":160,"column":6}},"275":{"start":{"line":162,"column":6},"end":{"line":162,"column":32}},"276":{"start":{"line":163,"column":4},"end":{"line":null,"column":-1}},"277":{"start":{"line":167,"column":4},"end":{"line":167,"column":3}},"278":{"start":{"line":168,"column":4},"end":{"line":168,"column":13}},"279":{"start":{"line":174,"column":8},"end":{"line":null,"column":-1}},"280":{"start":{"line":175,"column":8},"end":{"line":null,"column":-1}},"281":{"start":{"line":181,"column":4},"end":{"line":181,"column":3}},"282":{"start":{"line":188,"column":4},"end":{"line":188,"column":47}},"283":{"start":{"line":189,"column":4},"end":{"line":189,"column":25}},"284":{"start":{"line":190,"column":4},"end":{"line":190,"column":16}},"285":{"start":{"line":196,"column":8},"end":{"line":196,"column":28}},"286":{"start":{"line":197,"column":8},"end":{"line":null,"column":-1}},"287":{"start":{"line":198,"column":8},"end":{"line":null,"column":-1}},"288":{"start":{"line":201,"column":8},"end":{"line":201,"column":28}},"289":{"start":{"line":202,"column":8},"end":{"line":null,"column":-1}},"290":{"start":{"line":208,"column":6},"end":{"line":208,"column":21}},"291":{"start":{"line":209,"column":6},"end":{"line":209,"column":51}},"292":{"start":{"line":217,"column":10},"end":{"line":217,"column":26}},"293":{"start":{"line":218,"column":10},"end":{"line":null,"column":-1}},"294":{"start":{"line":219,"column":12},"end":{"line":219,"column":27}},"295":{"start":{"line":220,"column":12},"end":{"line":null,"column":-1}},"296":{"start":{"line":221,"column":12},"end":{"line":null,"column":-1}},"297":{"start":{"line":224,"column":10},"end":{"line":null,"column":-1}},"298":{"start":{"line":225,"column":10},"end":{"line":225,"column":28}},"299":{"start":{"line":5,"column":0},"end":{"line":5,"column":9}},"300":{"start":{"line":6,"column":0},"end":{"line":6,"column":17}},"301":{"start":{"line":7,"column":0},"end":{"line":7,"column":25}},"302":{"start":{"line":8,"column":0},"end":{"line":8,"column":10}},"303":{"start":{"line":9,"column":0},"end":{"line":9,"column":10}},"304":{"start":{"line":10,"column":0},"end":{"line":10,"column":11}},"305":{"start":{"line":11,"column":0},"end":{"line":11,"column":10}},"306":{"start":{"line":12,"column":0},"end":{"line":12,"column":10}},"307":{"start":{"line":13,"column":0},"end":{"line":13,"column":8}},"308":{"start":{"line":14,"column":0},"end":{"line":14,"column":12}},"309":{"start":{"line":15,"column":2},"end":{"line":15,"column":16}},"310":{"start":{"line":16,"column":2},"end":{"line":16,"column":20}},"311":{"start":{"line":17,"column":0},"end":{"line":17,"column":10}},"312":{"start":{"line":19,"column":0},"end":{"line":19,"column":48}},"313":{"start":{"line":27,"column":21},"end":{"line":27,"column":31}},"314":{"start":{"line":29,"column":4},"end":{"line":29,"column":15}},"315":{"start":{"line":30,"column":4},"end":{"line":30,"column":24}},"316":{"start":{"line":45,"column":6},"end":{"line":45,"column":30}},"317":{"start":{"line":46,"column":6},"end":{"line":46,"column":21}},"318":{"start":{"line":47,"column":6},"end":{"line":47,"column":29}},"319":{"start":{"line":48,"column":6},"end":{"line":48,"column":28}},"320":{"start":{"line":49,"column":6},"end":{"line":49,"column":13}},"321":{"start":{"line":54,"column":8},"end":{"line":null,"column":-1}},"322":{"start":{"line":54,"column":8},"end":{"line":52,"column":6}},"323":{"start":{"line":55,"column":10},"end":{"line":null,"column":-1}},"324":{"start":{"line":63,"column":8},"end":{"line":62,"column":6}},"325":{"start":{"line":66,"column":8},"end":{"line":62,"column":6}},"326":{"start":{"line":77,"column":8},"end":{"line":76,"column":6}},"327":{"start":{"line":79,"column":8},"end":{"line":78,"column":11}},"328":{"start":{"line":83,"column":8},"end":{"line":null,"column":-1}},"329":{"start":{"line":83,"column":8},"end":{"line":82,"column":6}},"330":{"start":{"line":84,"column":10},"end":{"line":null,"column":-1}},"331":{"start":{"line":91,"column":8},"end":{"line":91,"column":133}},"332":{"start":{"line":96,"column":12},"end":{"line":96,"column":33}},"333":{"start":{"line":98,"column":14},"end":{"line":null,"column":-1}},"334":{"start":{"line":98,"column":14},"end":{"line":97,"column":12}},"335":{"start":{"line":99,"column":16},"end":{"line":99,"column":37}},"336":{"start":{"line":101,"column":12},"end":{"line":101,"column":11}},"337":{"start":{"line":102,"column":12},"end":{"line":102,"column":11}},"338":{"start":{"line":103,"column":12},"end":{"line":103,"column":11}},"339":{"start":{"line":130,"column":15},"end":{"line":130,"column":21}},"340":{"start":{"line":140,"column":4},"end":{"line":140,"column":18}},"341":{"start":{"line":141,"column":4},"end":{"line":141,"column":20}},"342":{"start":{"line":142,"column":4},"end":{"line":142,"column":73}},"343":{"start":{"line":151,"column":4},"end":{"line":151,"column":3}},"344":{"start":{"line":152,"column":4},"end":{"line":152,"column":3}},"345":{"start":{"line":156,"column":4},"end":{"line":156,"column":3}},"346":{"start":{"line":166,"column":4},"end":{"line":166,"column":14}},"347":{"start":{"line":168,"column":4},"end":{"line":168,"column":3}},"348":{"start":{"line":172,"column":4},"end":{"line":172,"column":11}},"349":{"start":{"line":173,"column":4},"end":{"line":null,"column":-1}},"350":{"start":{"line":177,"column":6},"end":{"line":176,"column":4}},"351":{"start":{"line":181,"column":4},"end":{"line":181,"column":44}},"352":{"start":{"line":183,"column":6},"end":{"line":183,"column":19}},"353":{"start":{"line":184,"column":6},"end":{"line":182,"column":4}},"354":{"start":{"line":185,"column":8},"end":{"line":184,"column":6}},"355":{"start":{"line":187,"column":6},"end":{"line":186,"column":4}},"356":{"start":{"line":189,"column":6},"end":{"line":188,"column":4}},"357":{"start":{"line":192,"column":20},"end":{"line":192,"column":34}},"358":{"start":{"line":198,"column":4},"end":{"line":198,"column":16}},"359":{"start":{"line":200,"column":8},"end":{"line":200,"column":12}},"360":{"start":{"line":201,"column":8},"end":{"line":null,"column":-1}},"361":{"start":{"line":204,"column":8},"end":{"line":204,"column":23}},"362":{"start":{"line":207,"column":8},"end":{"line":207,"column":25}},"363":{"start":{"line":209,"column":12},"end":{"line":209,"column":16}},"364":{"start":{"line":210,"column":12},"end":{"line":null,"column":-1}},"365":{"start":{"line":211,"column":14},"end":{"line":null,"column":-1}},"366":{"start":{"line":213,"column":12},"end":{"line":213,"column":28}},"367":{"start":{"line":225,"column":4},"end":{"line":null,"column":-1}},"368":{"start":{"line":226,"column":6},"end":{"line":226,"column":5}},"369":{"start":{"line":227,"column":4},"end":{"line":227,"column":3}},"370":{"start":{"line":228,"column":4},"end":{"line":228,"column":54}},"371":{"start":{"line":230,"column":44},"end":{"line":230,"column":58}},"372":{"start":{"line":231,"column":4},"end":{"line":null,"column":-1}},"373":{"start":{"line":250,"column":4},"end":{"line":250,"column":11}},"374":{"start":{"line":251,"column":4},"end":{"line":251,"column":3}},"375":{"start":{"line":252,"column":4},"end":{"line":252,"column":3}},"376":{"start":{"line":253,"column":4},"end":{"line":253,"column":3}},"377":{"start":{"line":4,"column":2},"end":{"line":4,"column":15}},"378":{"start":{"line":6,"column":0},"end":{"line":6,"column":48}},"379":{"start":{"line":1,"column":0},"end":{"line":1,"column":7}},"380":{"start":{"line":3,"column":0},"end":{"line":3,"column":39}}},"fnMap":{"0":{"name":"(anonymous_0)","decl":{"start":{"line":1,"column":0},"end":{"line":null,"column":-1}},"loc":{"start":{"line":1,"column":0},"end":{"line":null,"column":-1}}},"1":{"name":"(anonymous_2)","decl":{"start":{"line":9,"column":20},"end":{"line":9,"column":19}},"loc":{"start":{"line":9,"column":20},"end":{"line":null,"column":-1}}},"2":{"name":"(anonymous_3)","decl":{"start":{"line":15,"column":42},"end":{"line":15,"column":42}},"loc":{"start":{"line":15,"column":42},"end":{"line":15,"column":20}}},"3":{"name":"(anonymous_6)","decl":{"start":{"line":34,"column":14},"end":{"line":34,"column":13}},"loc":{"start":{"line":34,"column":14},"end":{"line":null,"column":-1}}},"4":{"name":"(anonymous_7)","decl":{"start":{"line":37,"column":7},"end":{"line":37,"column":6}},"loc":{"start":{"line":37,"column":7},"end":{"line":null,"column":-1}}},"5":{"name":"(anonymous_8)","decl":{"start":{"line":45,"column":9},"end":{"line":45,"column":9}},"loc":{"start":{"line":45,"column":9},"end":{"line":null,"column":-1}}},"6":{"name":"(anonymous_9)","decl":{"start":{"line":54,"column":43},"end":{"line":54,"column":42}},"loc":{"start":{"line":54,"column":43},"end":{"line":54,"column":42}}},"7":{"name":"(anonymous_11)","decl":{"start":{"line":59,"column":9},"end":{"line":59,"column":9}},"loc":{"start":{"line":59,"column":9},"end":{"line":null,"column":-1}}},"8":{"name":"(anonymous_12)","decl":{"start":{"line":63,"column":41},"end":{"line":63,"column":40}},"loc":{"start":{"line":63,"column":41},"end":{"line":63,"column":40}}},"9":{"name":"(anonymous_13)","decl":{"start":{"line":63,"column":41},"end":{"line":63,"column":41}},"loc":{"start":{"line":63,"column":41},"end":{"line":null,"column":-1}}},"10":{"name":"(anonymous_14)","decl":{"start":{"line":71,"column":10},"end":{"line":71,"column":10}},"loc":{"start":{"line":71,"column":10},"end":{"line":null,"column":-1}}},"11":{"name":"(anonymous_15)","decl":{"start":{"line":84,"column":17},"end":{"line":84,"column":16}},"loc":{"start":{"line":84,"column":17},"end":{"line":84,"column":16}}},"12":{"name":"(anonymous_17)","decl":{"start":{"line":91,"column":10},"end":{"line":91,"column":10}},"loc":{"start":{"line":91,"column":10},"end":{"line":null,"column":-1}}},"13":{"name":"(anonymous_18)","decl":{"start":{"line":99,"column":41},"end":{"line":99,"column":40}},"loc":{"start":{"line":99,"column":41},"end":{"line":99,"column":40}}},"14":{"name":"(anonymous_20)","decl":{"start":{"line":102,"column":13},"end":{"line":102,"column":13}},"loc":{"start":{"line":102,"column":13},"end":{"line":null,"column":-1}}},"15":{"name":"(anonymous_21)","decl":{"start":{"line":108,"column":16},"end":{"line":108,"column":16}},"loc":{"start":{"line":108,"column":16},"end":{"line":null,"column":-1}}},"16":{"name":"(anonymous_4)","decl":{"start":{"line":27,"column":11},"end":{"line":27,"column":11}},"loc":{"start":{"line":27,"column":11},"end":{"line":null,"column":-1}}},"17":{"name":"(anonymous_5)","decl":{"start":{"line":30,"column":15},"end":{"line":30,"column":14}},"loc":{"start":{"line":30,"column":15},"end":{"line":null,"column":-1}}},"18":{"name":"(anonymous_6)","decl":{"start":{"line":34,"column":16},"end":{"line":34,"column":15}},"loc":{"start":{"line":34,"column":16},"end":{"line":null,"column":-1}}},"19":{"name":"(anonymous_7)","decl":{"start":{"line":38,"column":15},"end":{"line":38,"column":15}},"loc":{"start":{"line":38,"column":15},"end":{"line":null,"column":-1}}},"20":{"name":"(anonymous_8)","decl":{"start":{"line":42,"column":14},"end":{"line":42,"column":13}},"loc":{"start":{"line":42,"column":14},"end":{"line":null,"column":-1}}},"21":{"name":"(anonymous_9)","decl":{"start":{"line":45,"column":15},"end":{"line":45,"column":14}},"loc":{"start":{"line":45,"column":15},"end":{"line":null,"column":-1}}},"22":{"name":"(anonymous_10)","decl":{"start":{"line":48,"column":26},"end":{"line":48,"column":25}},"loc":{"start":{"line":48,"column":26},"end":{"line":null,"column":-1}}},"23":{"name":"(anonymous_11)","decl":{"start":{"line":51,"column":24},"end":{"line":51,"column":23}},"loc":{"start":{"line":51,"column":24},"end":{"line":null,"column":-1}}},"24":{"name":"(anonymous_12)","decl":{"start":{"line":55,"column":17},"end":{"line":55,"column":16}},"loc":{"start":{"line":55,"column":17},"end":{"line":null,"column":-1}}},"25":{"name":"(anonymous_13)","decl":{"start":{"line":58,"column":16},"end":{"line":58,"column":16}},"loc":{"start":{"line":58,"column":16},"end":{"line":null,"column":-1}}},"26":{"name":"(anonymous_14)","decl":{"start":{"line":65,"column":21},"end":{"line":65,"column":20}},"loc":{"start":{"line":65,"column":21},"end":{"line":null,"column":-1}}},"27":{"name":"(anonymous_15)","decl":{"start":{"line":67,"column":12},"end":{"line":67,"column":11}},"loc":{"start":{"line":67,"column":12},"end":{"line":67,"column":11}}},"28":{"name":"(anonymous_17)","decl":{"start":{"line":69,"column":20},"end":{"line":69,"column":20}},"loc":{"start":{"line":69,"column":20},"end":{"line":69,"column":10}}},"29":{"name":"(anonymous_4)","decl":{"start":{"line":6,"column":12},"end":{"line":6,"column":11}},"loc":{"start":{"line":6,"column":12},"end":{"line":null,"column":-1}}},"30":{"name":"(anonymous_5)","decl":{"start":{"line":18,"column":9},"end":{"line":18,"column":8}},"loc":{"start":{"line":18,"column":9},"end":{"line":null,"column":-1}}},"31":{"name":"(anonymous_6)","decl":{"start":{"line":26,"column":13},"end":{"line":26,"column":12}},"loc":{"start":{"line":26,"column":13},"end":{"line":null,"column":-1}}},"32":{"name":"(anonymous_7)","decl":{"start":{"line":32,"column":20},"end":{"line":32,"column":19}},"loc":{"start":{"line":32,"column":20},"end":{"line":null,"column":-1}}},"33":{"name":"(anonymous_8)","decl":{"start":{"line":39,"column":23},"end":{"line":39,"column":22}},"loc":{"start":{"line":39,"column":23},"end":{"line":null,"column":-1}}},"34":{"name":"(anonymous_9)","decl":{"start":{"line":45,"column":13},"end":{"line":45,"column":12}},"loc":{"start":{"line":45,"column":13},"end":{"line":null,"column":-1}}},"35":{"name":"(anonymous_10)","decl":{"start":{"line":51,"column":14},"end":{"line":51,"column":13}},"loc":{"start":{"line":51,"column":14},"end":{"line":null,"column":-1}}},"36":{"name":"(anonymous_11)","decl":{"start":{"line":60,"column":14},"end":{"line":60,"column":13}},"loc":{"start":{"line":60,"column":14},"end":{"line":null,"column":-1}}},"37":{"name":"(anonymous_12)","decl":{"start":{"line":64,"column":10},"end":{"line":64,"column":9}},"loc":{"start":{"line":64,"column":10},"end":{"line":null,"column":-1}}},"38":{"name":"(anonymous_13)","decl":{"start":{"line":68,"column":18},"end":{"line":68,"column":17}},"loc":{"start":{"line":68,"column":18},"end":{"line":null,"column":-1}}},"39":{"name":"(anonymous_14)","decl":{"start":{"line":71,"column":15},"end":{"line":71,"column":14}},"loc":{"start":{"line":71,"column":15},"end":{"line":null,"column":-1}}},"40":{"name":"(anonymous_15)","decl":{"start":{"line":74,"column":19},"end":{"line":74,"column":18}},"loc":{"start":{"line":74,"column":19},"end":{"line":null,"column":-1}}},"41":{"name":"(anonymous_16)","decl":{"start":{"line":80,"column":12},"end":{"line":80,"column":11}},"loc":{"start":{"line":80,"column":12},"end":{"line":null,"column":-1}}},"42":{"name":"(anonymous_17)","decl":{"start":{"line":83,"column":12},"end":{"line":83,"column":11}},"loc":{"start":{"line":83,"column":12},"end":{"line":null,"column":-1}}},"43":{"name":"(anonymous_4)","decl":{"start":{"line":22,"column":20},"end":{"line":22,"column":19}},"loc":{"start":{"line":22,"column":20},"end":{"line":null,"column":-1}}},"44":{"name":"(anonymous_5)","decl":{"start":{"line":25,"column":11},"end":{"line":25,"column":10}},"loc":{"start":{"line":25,"column":11},"end":{"line":null,"column":-1}}},"45":{"name":"(anonymous_6)","decl":{"start":{"line":28,"column":8},"end":{"line":28,"column":7}},"loc":{"start":{"line":28,"column":8},"end":{"line":null,"column":-1}}},"46":{"name":"(anonymous_7)","decl":{"start":{"line":31,"column":15},"end":{"line":31,"column":14}},"loc":{"start":{"line":31,"column":15},"end":{"line":null,"column":-1}}},"47":{"name":"(anonymous_8)","decl":{"start":{"line":34,"column":12},"end":{"line":34,"column":11}},"loc":{"start":{"line":34,"column":12},"end":{"line":null,"column":-1}}},"48":{"name":"(anonymous_9)","decl":{"start":{"line":37,"column":17},"end":{"line":37,"column":17}},"loc":{"start":{"line":37,"column":17},"end":{"line":null,"column":-1}}},"49":{"name":"(anonymous_10)","decl":{"start":{"line":40,"column":16},"end":{"line":40,"column":15}},"loc":{"start":{"line":40,"column":16},"end":{"line":null,"column":-1}}},"50":{"name":"(anonymous_11)","decl":{"start":{"line":43,"column":23},"end":{"line":43,"column":23}},"loc":{"start":{"line":43,"column":23},"end":{"line":null,"column":-1}}},"51":{"name":"(anonymous_12)","decl":{"start":{"line":49,"column":22},"end":{"line":49,"column":21}},"loc":{"start":{"line":49,"column":22},"end":{"line":null,"column":-1}}},"52":{"name":"(anonymous_13)","decl":{"start":{"line":52,"column":15},"end":{"line":52,"column":14}},"loc":{"start":{"line":52,"column":15},"end":{"line":52,"column":14}}},"53":{"name":"(anonymous_14)","decl":{"start":{"line":52,"column":15},"end":{"line":52,"column":15}},"loc":{"start":{"line":52,"column":15},"end":{"line":null,"column":-1}}},"54":{"name":"(anonymous_15)","decl":{"start":{"line":56,"column":26},"end":{"line":56,"column":25}},"loc":{"start":{"line":56,"column":26},"end":{"line":null,"column":-1}}},"55":{"name":"(anonymous_16)","decl":{"start":{"line":58,"column":17},"end":{"line":58,"column":16}},"loc":{"start":{"line":58,"column":17},"end":{"line":null,"column":-1}}},"56":{"name":"(anonymous_17)","decl":{"start":{"line":65,"column":18},"end":{"line":65,"column":17}},"loc":{"start":{"line":65,"column":18},"end":{"line":null,"column":-1}}},"57":{"name":"(anonymous_18)","decl":{"start":{"line":68,"column":26},"end":{"line":68,"column":26}},"loc":{"start":{"line":68,"column":26},"end":{"line":null,"column":-1}}},"58":{"name":"(anonymous_19)","decl":{"start":{"line":72,"column":26},"end":{"line":72,"column":26}},"loc":{"start":{"line":72,"column":26},"end":{"line":null,"column":-1}}},"59":{"name":"(anonymous_20)","decl":{"start":{"line":81,"column":29},"end":{"line":81,"column":28}},"loc":{"start":{"line":81,"column":29},"end":{"line":null,"column":-1}}},"60":{"name":"(anonymous_21)","decl":{"start":{"line":84,"column":35},"end":{"line":84,"column":34}},"loc":{"start":{"line":84,"column":35},"end":{"line":null,"column":-1}}},"61":{"name":"(anonymous_22)","decl":{"start":{"line":87,"column":14},"end":{"line":87,"column":14}},"loc":{"start":{"line":
[...]
,"/Users/eveessex/dev/force/src/lib/volley.ts": {"path":"/Users/eveessex/dev/force/src/lib/volley.ts","statementMap":{"0":{"start":{"line":16,"column":34},"end":{"line":23,"column":1}},"1":{"start":{"line":25,"column":29},"end":{"line":37,"column":7}},"2":{"start":{"line":26,"column":2},"end":{"line":37,"column":7}},"3":{"start":{"line":44,"column":2},"end":{"line":61,"column":3}},"4":{"start":{"line":45,"column":20},"end":{"line":54,"column":39}},"5":{"start":{"line":47,"column":8},"end":{"line":52,"column":9}},"6":{"start":{"line":54,"column":24},"end":{"line":54,"column":38}},"7":{"start":{"line":55,"column":4},"end":{"line":60,"column":5}},"8":{"start":{"line":56,"column":6},"end":{"line":59,"column":8}}},"fnMap":{"0":{"name":"(anonymous_0)","decl":{"start":{"line":25,"column":29},"end":{"line":25,"column":30}},"loc":{"start":{"line":26,"column":2},"end":{"line":37,"column":7}},"line":26},"1":{"name":"reportLoadTimeToVolley","decl":{"start":{"line":39,"column":22},"end":{"line":39,"column":44}},"loc":{"start":{"line":43,"column":2},"end":{"line":62,"column":1}},"line":43},"2":{"name":"(anonymous_2)","decl":{"start":{"line":46,"column":11},"end":{"line":46,"column":12}},"loc":{"start":{"line":47,"column":8},"end":{"line":52,"column":9}},"line":47},"3":{"name":"(anonymous_3)","decl":{"start":{"line":54,"column":14},"end":{"line":54,"column":15}},"loc":{"start":{"line":54,"column":24},"end":{"line":54,"column":38}},"line":54}},"branchMap":{"0":{"loc":{"start":{"line":26,"column":2},"end":{"line":37,"column":7}},"type":"cond-expr","locations":[{"start":{"line":27,"column":6},"end":{"line":27,"column":10}},{"start":{"line":28,"column":6},"end":{"line":37,"column":7}}],"line":26},"1":{"loc":{"start":{"line":42,"column":2},"end":{"line":42,"column":40}},"type":"default-arg","locations":[{"start":{"line":42,"column":26},"end":{"line":42,"column":40}}],"line":42},"2":{"loc":{"start":{"line":44,"column":2},"end":{"line":61,"column":3}},"type":"if","locations":[{"start":{"line":44,"column":2},"end":{"line":61,"column":3}},{"start":{"line":44,"column":2},"end":{"line":61,"column":3}}],"line":44},"3":{"loc":{"start":{"line":55,"column":4},"end":{"line":60,"column":5}},"type":"if","locations":[{"start":{"line":55,"column":4},"end":{"line":60,"column":5}},{"start":{"line":55,"column":4},"end":{"line":60,"column":5}}],"line":55}},"s":{"0":1,"1":1,"2":10,"3":5,"4":5,"5":8,"6":8,"7":5,"8":4},"f":{"0":10,"1":5,"2":8,"3":8},"b":{"0":[2,8],"1":[0],"2":[5,0],"3":[4,1]},"_coverageSchema":"332fd63041d2c1bcb487cc26dd0d5f7d97098a6c","hash":"0066f24521f4298bbab35c9f94aac9b1a668c720"}
,"/Users/eveessex/dev/force/src/lib/middleware/rateLimiting.ts": {"path":"/Users/eveessex/dev/force/src/lib/middleware/rateLimiting.ts","statementMap":{"0":{"start":{"line":20,"column":4},"end":{"line":20,"column":10}},"1":{"start":{"line":22,"column":35},"end":{"line":22,"column":60}},"2":{"start":{"line":23,"column":34},"end":{"line":23,"column":59}},"3":{"start":{"line":32,"column":38},"end":{"line":51,"column":1}},"4":{"start":{"line":38,"column":5},"end":{"line":51,"column":1}},"5":{"start":{"line":39,"column":13},"end":{"line":39,"column":39}},"6":{"start":{"line":43,"column":2},"end":{"line":50,"column":3}},"7":{"start":{"line":45,"column":6},"end":{"line":48,"column":62}},"8":{"start":{"line":47,"column":20},"end":{"line":47,"column":26}},"9":{"start":{"line":48,"column":21},"end":{"line":48,"column":61}},"10":{"start":{"line":49,"column":10},"end":{"line":49,"column":51}},"11":{"start":{"line":53,"column":44},"end":{"line":103,"column":1}},"12":{"start":{"line":54,"column":2},"end":{"line":62,"column":3}},"13":{"start":{"line":55,"column":4},"end":{"line":55,"column":56}},"14":{"start":{"line":56,"column":4},"end":{"line":58,"column":5}},"15":{"start":{"line":60,"column":4},"end":{"line":60,"column":58}},"16":{"start":{"line":61,"column":4},"end":{"line":61,"column":39}},"17":{"start":{"line":61,"column":33},"end":{"line":61,"column":39}},"18":{"start":{"line":68,"column":28},"end":{"line":71,"column":4}},"19":{"start":{"line":73,"column":20},"end":{"line":73,"column":37}},"20":{"start":{"line":75,"column":2},"end":{"line":88,"column":3}},"21":{"start":{"line":76,"column":4},"end":{"line":76,"column":54}},"22":{"start":{"line":77,"column":4},"end":{"line":84,"column":6}},"23":{"start":{"line":86,"column":4},"end":{"line":86,"column":74}},"24":{"start":{"line":87,"column":4},"end":{"line":87,"column":62}},"25":{"start":{"line":95,"column":23},"end":{"line":100,"column":4}},"26":{"start":{"line":102,"column":2},"end":{"line":102,"column":58}}},"fnMap":{"0":{"name":"(anonymous_0)","decl":{"start":{"line":32,"column":38},"end":{"line":32,"column":39}},"loc":{"start":{"line":38,"column":5},"end":{"line":51,"column":1}},"line":38},"1":{"name":"(anonymous_1)","decl":{"start":{"line":38,"column":5},"end":{"line":38,"column":6}},"loc":{"start":{"line":38,"column":25},"end":{"line":51,"column":1}},"line":38},"2":{"name":"(anonymous_2)","decl":{"start":{"line":44,"column":4},"end":{"line":44,"column":5}},"loc":{"start":{"line":45,"column":6},"end":{"line":48,"column":62}},"line":45},"3":{"name":"(anonymous_3)","decl":{"start":{"line":47,"column":14},"end":{"line":47,"column":15}},"loc":{"start":{"line":47,"column":20},"end":{"line":47,"column":26}},"line":47},"4":{"name":"(anonymous_4)","decl":{"start":{"line":48,"column":15},"end":{"line":48,"column":16}},"loc":{"start":{"line":48,"column":21},"end":{"line":48,"column":61}},"line":48},"5":{"name":"(anonymous_5)","decl":{"start":{"line":49,"column":4},"end":{"line":49,"column":5}},"loc":{"start":{"line":49,"column":10},"end":{"line":49,"column":51}},"line":49},"6":{"name":"(anonymous_6)","decl":{"start":{"line":53,"column":44},"end":{"line":53,"column":45}},"loc":{"start":{"line":53,"column":59},"end":{"line":103,"column":1}},"line":53},"7":{"name":"(anonymous_7)","decl":{"start":{"line":61,"column":11},"end":{"line":61,"column":12}},"loc":{"start":{"line":61,"column":33},"end":{"line":61,"column":39}},"line":61}},"branchMap":{"0":{"loc":{"start":{"line":54,"column":2},"end":{"line":62,"column":3}},"type":"if","locations":[{"start":{"line":54,"column":2},"end":{"line":62,"column":3}},{"start":{"line":54,"column":2},"end":{"line":62,"column":3}}],"line":54},"1":{"loc":{"start":{"line":75,"column":2},"end":{"line":88,"column":3}},"type":"if","locations":[{"start":{"line":75,"column":2},"end":{"line":88,"column":3}},{"start":{"line":75,"column":2},"end":{"line":88,"column":3}}],"line":75},"2":{"loc":{"start":{"line":75,"column":6},"end":{"line":75,"column":34}},"type":"binary-expr","locations":[{"start":{"line":75,"column":6},"end":{"line":75,"column":19}},{"start":{"line":75,"column":23},"end":{"line":75,"column":34}}],"line":75}},"s":{"0":1,"1":1,"2":1,"3":1,"4":3,"5":3,"6":3,"7":2,"8":1,"9":1,"10":1,"11":1,"12":0,"13":0,"14":0,"15":0,"16":0,"17":0,"18":0,"19":0,"20":0,"21":0,"22":0,"23":0,"24":0,"25":0,"26":0},"f":{"0":3,"1":3,"2":2,"3":1,"4":1,"5":1,"6":0,"7":0},"b":{"0":[0,0],"1":[0,0],"2":[0,0]},"_coverageSchema":"332fd63041d2c1bcb487cc26dd0d5f7d97098a6c","hash":"df6486a39817f948090bb79ac5369355e93759df"}
,"/Users/eveessex/dev/force/src/mobile/models": {"path":"/Users/eveessex/dev/force/src/mobile/models","statementMap":{"0":{"start":{"line":1,"column":0},"end":{"line":null,"column":-1}},"1":{"start":{"line":1,"column":0},"end":{"line":1,"column":11}},"2":{"start":{"line":2,"column":0},"end":{"line":2,"column":13}},"3":{"start":{"line":3,"column":2},"end":{"line":3,"column":15}},"4":{"start":{"line":4,"column":0},"end":{"line":4,"column":4}},"5":{"start":{"line":5,"column":0},"end":{"line":5,"column":24}},"6":{"start":{"line":7,"column":0},"end":{"line":7,"column":52}},"7":{"start":{"line":9,"column":2},"end":{"line":null,"column":-1}},"8":{"start":{"line":31,"column":4},"end":{"line":31,"column":46}},"9":{"start":{"line":32,"column":4},"end":{"line":32,"column":3}},"10":{"start":{"line":36,"column":4},"end":{"line":36,"column":12}},"11":{"start":{"line":37,"column":4},"end":{"line":37,"column":20}},"12":{"start":{"line":54,"column":4},"end":{"line":54,"column":12}},"13":{"start":{"line":55,"column":4},"end":{"line":55,"column":39}},"14":{"start":{"line":56,"column":4},"end":{"line":56,"column":29}},"15":{"start":{"line":57,"column":4},"end":{"line":57,"column":3}},"16":{"start":{"line":58,"column":4},"end":{"line":58,"column":20}},"17":{"start":{"line":1,"column":0},"end":{"line":1,"column":4}},"18":{"start":{"line":2,"column":0},"end":{"line":2,"column":11}},"19":{"start":{"line":3,"column":0},"end":{"line":3,"column":12}},"20":{"start":{"line":5,"column":0},"end":{"line":5,"column":49}},"21":{"start":{"line":7,"column":2},"end":{"line":null,"column":-1}}},"fnMap":{"0":{"name":"(anonymous_0)","decl":{"start":{"line":1,"column":0},"end":{"line":null,"column":-1}},"loc":{"start":{"line":1,"column":0},"end":{"line":null,"column":-1}}},"1":{"name":"(anonymous_4)","decl":{"start":{"line":11,"column":7},"end":{"line":11,"column":6}},"loc":{"start":{"line":11,"column":7},"end":{"line":null,"column":-1}}},"2":{"name":"(anonymous_5)","decl":{"start":{"line":18,"column":9},"end":{"line":18,"column":9}},"loc":{"start":{"line":18,"column":9},"end":{"line":null,"column":-1}}},"3":{"name":"(anonymous_6)","decl":{"start":{"line":21,"column":14},"end":{"line":21,"column":13}},"loc":{"start":{"line":21,"column":14},"end":{"line":null,"column":-1}}},"4":{"name":"(anonymous_7)","decl":{"start":{"line":24,"column":10},"end":{"line":24,"column":9}},"loc":{"start":{"line":24,"column":10},"end":{"line":null,"column":-1}}},"5":{"name":"(anonymous_8)","decl":{"start":{"line":27,"column":12},"end":{"line":27,"column":11}},"loc":{"start":{"line":27,"column":12},"end":{"line":null,"column":-1}}},"6":{"name":"(anonymous_9)","decl":{"start":{"line":30,"column":12},"end":{"line":30,"column":11}},"loc":{"start":{"line":30,"column":12},"end":{"line":null,"column":-1}}},"7":{"name":"(anonymous_10)","decl":{"start":{"line":35,"column":17},"end":{"line":35,"column":16}},"loc":{"start":{"line":35,"column":17},"end":{"line":null,"column":-1}}},"8":{"name":"(anonymous_11)","decl":{"start":{"line":40,"column":18},"end":{"line":40,"column":17}},"loc":{"start":{"line":40,"column":18},"end":{"line":null,"column":-1}}},"9":{"name":"(anonymous_12)","decl":{"start":{"line":43,"column":12},"end":{"line":43,"column":11}},"loc":{"start":{"line":43,"column":12},"end":{"line":null,"column":-1}}},"10":{"name":"(anonymous_13)","decl":{"start":{"line":47,"column":17},"end":{"line":47,"column":16}},"loc":{"start":{"line":47,"column":17},"end":{"line":null,"column":-1}}},"11":{"name":"(anonymous_14)","decl":{"start":{"line":53,"column":24},"end":{"line":53,"column":23}},"loc":{"start":{"line":53,"column":24},"end":{"line":null,"column":-1}}},"12":{"name":"(anonymous_4)","decl":{"start":{"line":9,"column":20},"end":{"line":9,"column":19}},"loc":{"start":{"line":9,"column":20},"end":{"line":null,"column":-1}}},"13":{"name":"(anonymous_5)","decl":{"start":{"line":16,"column":14},"end":{"line":16,"column":13}},"loc":{"start":{"line":16,"column":14},"end":{"line":null,"column":-1}}}},"branchMap":{"0":{"loc":{"start":{"line":1,"column":0},"end":{"line":null,"column":-1}},"type":"if","locations":[{"start":{"line":1,"column":0},"end":{"line":null,"column":-1}},{"start":{"line":1,"column":0},"end":{"line":null,"column":-1}}]},"1":{"loc":{"start":{"line":22,"column":4},"end":{"line":22,"column":3}},"type":"binary-expr","locations":[{"start":{"line":22,"column":4},"end":{"line":22,"column":3}},{"start":{"line":22,"column":50},"end":{"line":null,"column":-1}}]},"2":{"loc":{"start":{"line":31,"column":12},"end":{"line":31,"column":11}},"type":"binary-expr","locations":[{"start":{"line":31,"column":12},"end":{"line":31,"column":11}},{"start":{"line":31,"column":46},"end":{"line":null,"column":-1}}]},"3":{"loc":{"start":{"line":38,"column":31},"end":{"line":38,"column":12}},"type":"cond-expr","locations":[{"start":{"line":38,"column":31},"end":{"line":38,"column":12}},{"start":{"line":38,"column":39},"end":{"line":null,"column":-1}}]},"4":{"loc":{"start":{"line":44,"column":4},"end":{"line":44,"column":3}},"type":"binary-expr","locations":[{"start":{"line":44,"column":4},"end":{"line":44,"column":3}},{"start":{"line":45,"column":4},"end":{"line":null,"column":-1}}]},"5":{"loc":{"start":{"line":48,"column":7},"end":{"line":48,"column":6}},"type":"binary-expr","locations":[{"start":{"line":48,"column":7},"end":{"line":48,"column":6}},{"start":{"line":48,"column":35},"end":{"line":48,"column":34}},{"start":{"line":48,"column":69},"end":{"line":48,"column":34}}]},"6":{"loc":{"start":{"line":55,"column":31},"end":{"line":55,"column":12}},"type":"cond-expr","locations":[{"start":{"line":55,"column":31},"end":{"line":55,"column":12}},{"start":{"line":55,"column":39},"end":{"line":null,"column":-1}}]},"7":{"loc":{"start":{"line":57,"column":43},"end":{"line":57,"column":42}},"type":"binary-expr","locations":[{"start":{"line":57,"column":43},"end":{"line":57,"column":42}},{"start":{"line":57,"column":56},"end":{"line":57,"column":4}}]},"8":{"loc":{"start":{"line":11,"column":11},"end":{"line":11,"column":10}},"type":"binary-expr","locations":[{"start":{"line":11,"column":11},"end":{"line":11,"column":10}},{"start":{"line":11,"column":21},"end":{"line":11,"column":6}}]},"9":{"loc":{"start":{"line":12,"column":11},"end":{"line":12,"column":10}},"type":"binary-expr","locations":[{"start":{"line":12,"column":11},"end":{"line":12,"column":10}},{"start":{"line":12,"column":22},"end":{"line":12,"column":6}}]},"10":{"loc":{"start":{"line":13,"column":11},"end":{"line":13,"column":10}},"type":"binary-expr","locations":[{"start":{"line":13,"column":11},"end":{"line":13,"column":10}},{"start":{"line":13,"column":24},"end":{"line":13,"column":6}}]},"11":{"loc":{"start":{"line":18,"column":11},"end":{"line":18,"column":10}},"type":"binary-expr","locations":[{"start":{"line":18,"column":11},"end":{"line":18,"column":10}},{"start":{"line":18,"column":21},"end":{"line":18,"column":6}}]},"12":{"loc":{"start":{"line":20,"column":13},"end":{"line":20,"column":12}},"type":"binary-expr","locations":[{"start":{"line":20,"column":13},"end":{"line":20,"column":12}},{"start":{"line":20,"column":26},"end":{"line":20,"column":8}}]},"13":{"loc":{"start":{"line":21,"column":13},"end":{"line":21,"column":12}},"type":"binary-expr","locations":[{"start":{"line":21,"column":13},"end":{"line":21,"column":12}},{"start":{"line":21,"column":28},"end":{"line":21,"column":8}}]}},"s":{"0":122,"1":3,"2":3,"3":3,"4":3,"5":3,"6":3,"7":3,"8":0,"9":0,"10":0,"11":0,"12":0,"13":0,"14":0,"15":0,"16":0,"17":3,"18":3,"19":3,"20":3,"21":3},"f":{"0":12,"1":0,"2":0,"3":0,"4":0,"5":0,"6":0,"7":0,"8":0,"9":0,"10":0,"11":0,"12":0,"13":0},"b":{"0":[40,0],"1":[0,0],"2":[0,0],"3":[0,0],"4":[0,0],"5":[0,0,0],"6":[0,0],"7":[0,0],"8":[0,0],"9":[0,0],"10":[0,0],"11":[0,0],"12":[0,0],"13":[0,0]}}
,"/Users/eveessex/dev/force/src/mobile/models/mixins/relations": {"path":"/Users/eveessex/dev/force/src/mobile/models/mixins/relations","statementMap":{"0":{"start":{"line":1,"column":0},"end":{"line":1,"column":16}},"1":{"start":{"line":2,"column":0},"end":{"line":2,"column":11}},"2":{"start":{"line":6,"column":4},"end":{"line":6,"column":3}},"3":{"start":{"line":8,"column":4},"end":{"line":8,"column":19}},"4":{"start":{"line":10,"column":4},"end":{"line":10,"column":19}},"5":{"start":{"line":16,"column":6},"end":{"line":16,"column":23}}},"fnMap":{"0":{"name":"(anonymous_0)","decl":{"start":{"line":5,"column":11},"end":{"line":5,"column":10}},"loc":{"start":{"line":5,"column":11},"end":{"line":5,"column":2}}},"1":{"name":"(anonymous_1)","decl":{"start":{"line":15,"column":11},"end":{"line":15,"column":10}},"loc":{"start":{"line":15,"column":11},"end":{"line":5,"column":2}}}},"branchMap":{},"s":{"0":3,"1":3,"2":0,"3":0,"4":0,"5":0},"f":{"0":0,"1":0},"b":{}}
,"/Users/eveessex/dev/force/src/utils/domain/auctions/urls.js": {"path":"/Users/eveessex/dev/force/src/utils/domain/auctions/urls.js","statementMap":{"0":{"start":{"line":1,"column":11},"end":{"line":1,"column":34}},"1":{"start":{"line":11,"column":33},"end":{"line":19,"column":1}},"2":{"start":{"line":12,"column":26},"end":{"line":12,"column":43}},"3":{"start":{"line":13,"column":14},"end":{"line":13,"column":40}},"4":{"start":{"line":14,"column":2},"end":{"line":18,"column":3}},"5":{"start":{"line":15,"column":4},"end":{"line":15,"column":25}},"6":{"start":{"line":17,"column":4},"end":{"line":17,"column":14}},"7":{"start":{"line":31,"column":2},"end":{"line":35,"column":3}},"8":{"start":{"line":32,"column":4},"end":{"line":32,"column":53}},"9":{"start":{"line":34,"column":4},"end":{"line":34,"column":35}}},"fnMap":{"0":{"name":"(anonymous_0)","decl":{"start":{"line":11,"column":33},"end":{"line":11,"column":34}},"loc":{"start":{"line":11,"column":55},"end":{"line":19,"column":1}},"line":11},"1":{"name":"getBidRedirectActionUrl","decl":{"start":{"line":30,"column":16},"end":{"line":30,"column":39}},"loc":{"start":{"line":30,"column":72},"end":{"line":36,"column":1}},"line":30}},"branchMap":{"0":{"loc":{"start":{"line":11,"column":38},"end":{"line":11,"column":50}},"type":"default-arg","locations":[{"start":{"line":11,"column":48},"end":{"line":11,"column":50}}],"line":11},"1":{"loc":{"start":{"line":14,"column":2},"end":{"line":18,"column":3}},"type":"if","locations":[{"start":{"line":14,"column":2},"end":{"line":18,"column":3}},{"start":{"line":14,"column":2},"end":{"line":18,"column":3}}],"line":14},"2":{"loc":{"start":{"line":31,"column":2},"end":{"line":35,"column":3}},"type":"if","locations":[{"start":{"line":31,"column":2},"end":{"line":35,"column":3}},{"start":{"line":31,"column":2},"end":{"line":35,"column":3}}],"line":31},"3":{"loc":{"start":{"line":31,"column":6},"end":{"line":31,"column":74}},"type":"binary-expr","locations":[{"start":{"line":31,"column":6},"end":{"line":31,"column":35}},{"start":{"line":31,"column":39},"end":{"line":31,"column":74}}],"line":31}},"s":{"0":5,"1":5,"2":3,"3":3,"4":3,"5":3,"6":0,"7":0,"8":0,"9":0},"f":{"0":3,"1":0},"b":{"0":[0],"1":[3,0],"2":[0,0],"3":[0,0]},"_coverageSchema":"332fd63041d2c1bcb487cc26dd0d5f7d97098a6c","hash":"67d1b2649f9885ecd9407f7839420b4e3a76dcad"}
}
